TN:
SF:generate-qr-images.ts
FN:21,(anonymous_0)
FN:34,(anonymous_1)
FN:48,(anonymous_2)
FN:69,(anonymous_3)
FN:90,(anonymous_4)
FN:115,(anonymous_5)
FN:122,(anonymous_6)
FN:137,(anonymous_7)
FN:140,(anonymous_8)
FN:167,(anonymous_9)
FN:193,(anonymous_10)
FN:208,(anonymous_11)
FNF:12
FNH:0
FNDA:0,(anonymous_0)
FNDA:0,(anonymous_1)
FNDA:0,(anonymous_2)
FNDA:0,(anonymous_3)
FNDA:0,(anonymous_4)
FNDA:0,(anonymous_5)
FNDA:0,(anonymous_6)
FNDA:0,(anonymous_7)
FNDA:0,(anonymous_8)
FNDA:0,(anonymous_9)
FNDA:0,(anonymous_10)
FNDA:0,(anonymous_11)
DA:8,0
DA:21,0
DA:22,0
DA:23,0
DA:24,0
DA:25,0
DA:27,0
DA:28,0
DA:29,0
DA:31,0
DA:34,0
DA:35,0
DA:48,0
DA:49,0
DA:50,0
DA:51,0
DA:52,0
DA:55,0
DA:56,0
DA:58,0
DA:69,0
DA:70,0
DA:72,0
DA:73,0
DA:84,0
DA:86,0
DA:90,0
DA:91,0
DA:92,0
DA:95,0
DA:96,0
DA:99,0
DA:102,0
DA:103,0
DA:107,0
DA:108,0
DA:109,0
DA:112,0
DA:115,0
DA:116,0
DA:118,0
DA:122,0
DA:133,0
DA:134,0
DA:137,0
DA:138,0
DA:140,0
DA:141,0
DA:142,0
DA:145,0
DA:146,0
DA:147,0
DA:149,0
DA:150,0
DA:152,0
DA:153,0
DA:154,0
DA:155,0
DA:157,0
DA:158,0
DA:159,0
DA:160,0
DA:161,0
DA:163,0
DA:167,0
DA:168,0
DA:169,0
DA:170,0
DA:171,0
DA:172,0
DA:174,0
DA:175,0
DA:176,0
DA:178,0
DA:179,0
DA:180,0
DA:181,0
DA:182,0
DA:183,0
DA:184,0
DA:185,0
DA:186,0
DA:187,0
DA:188,0
DA:189,0
DA:193,0
DA:194,0
DA:195,0
DA:196,0
DA:198,0
DA:199,0
DA:200,0
DA:201,0
DA:202,0
DA:203,0
DA:208,0
DA:209,0
DA:212,0
DA:213,0
DA:217,0
DA:219,0
DA:220,0
DA:221,0
DA:222,0
DA:223,0
DA:226,0
DA:228,0
DA:229,0
DA:230,0
DA:233,0
DA:236,0
DA:239,0
DA:241,0
DA:244,0
DA:245,0
DA:250,0
DA:251,0
LF:117
LH:0
BRDA:90,0,0,0
BRDA:95,1,0,0
BRDA:95,1,1,0
BRDA:149,2,0,0
BRDA:149,2,1,0
BRDA:149,3,0,0
BRDA:149,3,1,0
BRDA:149,3,2,0
BRDA:212,4,0,0
BRDA:212,4,1,0
BRDA:217,5,0,0
BRDA:217,5,1,0
BRDA:219,6,0,0
BRDA:219,6,1,0
BRDA:219,7,0,0
BRDA:219,7,1,0
BRDA:250,8,0,0
BRDA:250,8,1,0
BRF:18
BRH:0
end_of_record
TN:
SF:__tests__/setup/componentTestHelpers.ts
FN:7,(anonymous_0)
FN:17,(anonymous_1)
FN:27,(anonymous_2)
FN:32,(anonymous_3)
FNF:4
FNH:0
FNDA:0,(anonymous_0)
FNDA:0,(anonymous_1)
FNDA:0,(anonymous_2)
FNDA:0,(anonymous_3)
DA:7,0
DA:8,0
DA:9,0
DA:11,0
DA:17,0
DA:18,0
DA:19,0
DA:20,0
DA:27,0
DA:28,0
DA:32,0
LF:11
LH:0
BRDA:8,0,0,0
BRDA:8,0,1,0
BRDA:19,1,0,0
BRDA:19,1,1,0
BRDA:28,2,0,0
BRDA:28,2,1,0
BRDA:32,3,0,0
BRDA:32,3,1,0
BRF:8
BRH:0
end_of_record
TN:
SF:__tests__/setup/mockHelpers.ts
FN:5,(anonymous_0)
FN:12,(anonymous_1)
FNF:2
FNH:0
FNDA:0,(anonymous_0)
FNDA:0,(anonymous_1)
DA:5,0
DA:12,0
LF:2
LH:0
BRDA:5,0,0,0
BRDA:12,1,0,0
BRF:2
BRH:0
end_of_record
TN:
SF:app/index.tsx
FN:5,Index
FNF:1
FNH:0
FNDA:0,Index
DA:6,0
DA:9,0
LF:2
LH:0
BRDA:9,0,0,0
BRDA:9,0,1,0
BRF:2
BRH:0
end_of_record
TN:
SF:app/(auth)/_layout.tsx
FN:9,AuthLayout
FN:12,(anonymous_1)
FN:14,(anonymous_2)
FNF:3
FNH:0
FNDA:0,AuthLayout
FNDA:0,(anonymous_1)
FNDA:0,(anonymous_2)
DA:10,0
DA:12,0
DA:14,0
DA:15,0
DA:16,0
DA:17,0
DA:19,0
DA:20,0
DA:21,0
DA:24,0
DA:28,0
DA:32,0
DA:35,0
LF:13
LH:0
BRDA:19,0,0,0
BRDA:19,0,1,0
BRDA:19,1,0,0
BRDA:19,1,1,0
BRF:4
BRH:0
end_of_record
TN:
SF:app/(auth)/login.tsx
FN:36,Login
FN:52,(anonymous_1)
FN:53,(anonymous_2)
FN:78,(anonymous_3)
FN:110,(anonymous_4)
FN:114,(anonymous_5)
FN:150,(anonymous_6)
FN:181,(anonymous_7)
FNF:8
FNH:0
FNDA:0,Login
FNDA:0,(anonymous_1)
FNDA:0,(anonymous_2)
FNDA:0,(anonymous_3)
FNDA:0,(anonymous_4)
FNDA:0,(anonymous_5)
FNDA:0,(anonymous_6)
FNDA:0,(anonymous_7)
DA:29,0
DA:37,0
DA:38,0
DA:39,0
DA:40,0
DA:41,0
DA:42,0
DA:44,0
DA:52,0
DA:53,0
DA:54,0
DA:56,0
DA:57,0
DA:60,0
DA:61,0
DA:62,0
DA:65,0
DA:66,0
DA:67,0
DA:71,0
DA:75,0
DA:78,0
DA:79,0
DA:80,0
DA:83,0
DA:84,0
DA:85,0
DA:87,0
DA:88,0
DA:92,0
DA:96,0
DA:102,0
DA:104,0
DA:105,0
DA:106,0
DA:110,0
DA:111,0
DA:114,0
DA:115,0
DA:118,0
DA:151,0
DA:182,0
DA:272,0
LF:43
LH:0
BRDA:61,0,0,0
BRDA:61,0,1,0
BRDA:66,1,0,0
BRDA:66,1,1,0
BRDA:83,2,0,0
BRDA:83,2,1,0
BRDA:92,3,0,0
BRDA:92,3,1,0
BRDA:105,4,0,0
BRDA:105,4,1,0
BRDA:105,4,2,0
BRDA:122,5,0,0
BRDA:122,5,1,0
BRDA:133,6,0,0
BRDA:133,6,1,0
BRDA:165,7,0,0
BRDA:165,7,1,0
BRDA:196,8,0,0
BRDA:196,8,1,0
BRDA:206,9,0,0
BRDA:206,9,1,0
BRDA:216,10,0,0
BRDA:216,10,1,0
BRDA:221,11,0,0
BRDA:221,11,1,0
BRDA:242,12,0,0
BRDA:242,12,1,0
BRDA:259,13,0,0
BRDA:259,13,1,0
BRF:29
BRH:0
end_of_record
TN:
SF:app/(tabs)/_layout.tsx
FN:14,TabLayout
FN:20,(anonymous_1)
FN:60,(anonymous_2)
FN:69,(anonymous_3)
FN:78,(anonymous_4)
FN:87,(anonymous_5)
FN:97,(anonymous_6)
FNF:7
FNH:0
FNDA:0,TabLayout
FNDA:0,(anonymous_1)
FNDA:0,(anonymous_2)
FNDA:0,(anonymous_3)
FNDA:0,(anonymous_4)
FNDA:0,(anonymous_5)
FNDA:0,(anonymous_6)
DA:15,0
DA:16,0
DA:17,0
DA:18,0
DA:20,0
DA:22,0
DA:23,0
DA:28,0
DA:29,0
DA:32,0
DA:61,0
DA:70,0
DA:79,0
DA:88,0
DA:98,0
LF:15
LH:0
BRDA:22,0,0,0
BRDA:22,0,1,0
BRDA:28,1,0,0
BRDA:28,1,1,0
BRDA:34,2,0,0
BRDA:34,2,1,0
BRDA:92,3,0,0
BRDA:92,3,1,0
BRF:8
BRH:0
end_of_record
TN:
SF:app/(tabs)/dev-settings.tsx
FN:22,DevSettings
FN:27,(anonymous_1)
FN:28,(anonymous_2)
FN:36,(anonymous_3)
FN:47,(anonymous_4)
FN:56,(anonymous_5)
FN:75,(anonymous_6)
FN:82,(anonymous_7)
FNF:8
FNH:0
FNDA:0,DevSettings
FNDA:0,(anonymous_1)
FNDA:0,(anonymous_2)
FNDA:0,(anonymous_3)
FNDA:0,(anonymous_4)
FNDA:0,(anonymous_5)
FNDA:0,(anonymous_6)
FNDA:0,(anonymous_7)
DA:23,0
DA:24,0
DA:25,0
DA:27,0
DA:28,0
DA:29,0
DA:30,0
DA:33,0
DA:36,0
DA:37,0
DA:38,0
DA:40,0
DA:47,0
DA:48,0
DA:57,0
DA:58,0
DA:59,0
DA:61,0
DA:69,0
DA:76,0
DA:83,0
DA:152,0
LF:22
LH:0
BRDA:42,0,0,0
BRDA:42,0,1,0
BRDA:84,1,0,0
BRDA:84,1,1,0
BRDA:110,2,0,0
BRDA:110,2,1,0
BRDA:143,3,0,0
BRDA:143,3,1,0
BRF:8
BRH:0
end_of_record
TN:
SF:app/(tabs)/ePickup.tsx
FN:32,EPickupScreen
FN:58,(anonymous_1)
FN:60,(anonymous_2)
FN:65,(anonymous_3)
FN:70,(anonymous_4)
FN:77,(anonymous_5)
FN:84,(anonymous_6)
FN:93,(anonymous_7)
FN:101,(anonymous_8)
FN:104,(anonymous_9)
FN:141,(anonymous_10)
FN:149,(anonymous_11)
FN:151,(anonymous_12)
FN:157,(anonymous_13)
FN:162,(anonymous_14)
FN:170,(anonymous_15)
FN:171,(anonymous_16)
FN:183,(anonymous_17)
FN:212,(anonymous_18)
FN:223,(anonymous_19)
FN:234,(anonymous_20)
FN:235,(anonymous_21)
FN:241,(anonymous_22)
FN:261,(anonymous_23)
FN:275,(anonymous_24)
FN:284,(anonymous_25)
FN:300,(anonymous_26)
FN:304,(anonymous_27)
FN:304,(anonymous_28)
FN:319,(anonymous_29)
FN:323,(anonymous_30)
FN:337,(anonymous_31)
FN:420,(anonymous_32)
FN:430,(anonymous_33)
FN:440,(anonymous_34)
FNF:35
FNH:0
FNDA:0,EPickupScreen
FNDA:0,(anonymous_1)
FNDA:0,(anonymous_2)
FNDA:0,(anonymous_3)
FNDA:0,(anonymous_4)
FNDA:0,(anonymous_5)
FNDA:0,(anonymous_6)
FNDA:0,(anonymous_7)
FNDA:0,(anonymous_8)
FNDA:0,(anonymous_9)
FNDA:0,(anonymous_10)
FNDA:0,(anonymous_11)
FNDA:0,(anonymous_12)
FNDA:0,(anonymous_13)
FNDA:0,(anonymous_14)
FNDA:0,(anonymous_15)
FNDA:0,(anonymous_16)
FNDA:0,(anonymous_17)
FNDA:0,(anonymous_18)
FNDA:0,(anonymous_19)
FNDA:0,(anonymous_20)
FNDA:0,(anonymous_21)
FNDA:0,(anonymous_22)
FNDA:0,(anonymous_23)
FNDA:0,(anonymous_24)
FNDA:0,(anonymous_25)
FNDA:0,(anonymous_26)
FNDA:0,(anonymous_27)
FNDA:0,(anonymous_28)
FNDA:0,(anonymous_29)
FNDA:0,(anonymous_30)
FNDA:0,(anonymous_31)
FNDA:0,(anonymous_32)
FNDA:0,(anonymous_33)
FNDA:0,(anonymous_34)
DA:33,0
DA:34,0
DA:35,0
DA:36,0
DA:37,0
DA:38,0
DA:39,0
DA:40,0
DA:41,0
DA:52,0
DA:58,0
DA:59,0
DA:60,0
DA:61,0
DA:65,0
DA:66,0
DA:70,0
DA:71,0
DA:72,0
DA:73,0
DA:75,0
DA:77,0
DA:78,0
DA:79,0
DA:80,0
DA:84,0
DA:85,0
DA:86,0
DA:93,0
DA:101,0
DA:102,0
DA:103,0
DA:104,0
DA:107,0
DA:108,0
DA:109,0
DA:114,0
DA:117,0
DA:119,0
DA:120,0
DA:121,0
DA:122,0
DA:130,0
DA:141,0
DA:142,0
DA:143,0
DA:144,0
DA:149,0
DA:150,0
DA:151,0
DA:152,0
DA:157,0
DA:158,0
DA:162,0
DA:163,0
DA:164,0
DA:170,0
DA:171,0
DA:172,0
DA:173,0
DA:175,0
DA:176,0
DA:179,0
DA:183,0
DA:184,0
DA:186,0
DA:189,0
DA:190,0
DA:191,0
DA:193,0
DA:195,0
DA:201,0
DA:207,0
DA:212,0
DA:213,0
DA:220,0
DA:221,0
DA:222,0
DA:223,0
DA:228,0
DA:229,0
DA:230,0
DA:234,0
DA:235,0
DA:236,0
DA:237,0
DA:238,0
DA:241,0
DA:242,0
DA:243,0
DA:246,0
DA:247,0
DA:250,0
DA:251,0
DA:255,0
DA:261,0
DA:262,0
DA:263,0
DA:264,0
DA:267,0
DA:275,0
DA:276,0
DA:277,0
DA:278,0
DA:279,0
DA:284,0
DA:285,0
DA:286,0
DA:287,0
DA:290,0
DA:301,0
DA:304,0
DA:320,0
DA:321,0
DA:324,0
DA:325,0
DA:329,0
DA:334,0
DA:335,0
DA:338,0
DA:339,0
DA:340,0
DA:347,0
DA:348,0
DA:421,0
DA:422,0
DA:431,0
DA:432,0
DA:441,0
DA:442,0
DA:450,0
DA:466,0
LF:132
LH:0
BRDA:59,0,0,0
BRDA:59,0,1,0
BRDA:107,1,0,0
BRDA:107,1,1,0
BRDA:131,2,0,0
BRDA:131,2,1,0
BRDA:142,3,0,0
BRDA:142,3,1,0
BRDA:143,4,0,0
BRDA:143,4,1,0
BRDA:144,5,0,0
BRDA:144,5,1,0
BRDA:152,6,0,0
BRDA:152,6,1,0
BRDA:158,7,0,0
BRDA:158,7,1,0
BRDA:163,8,0,0
BRDA:163,8,1,0
BRDA:173,9,0,0
BRDA:173,9,1,0
BRDA:184,10,0,0
BRDA:184,10,1,0
BRDA:191,11,0,0
BRDA:191,11,1,0
BRDA:230,12,0,0
BRDA:230,12,1,0
BRDA:236,13,0,0
BRDA:236,13,1,0
BRDA:237,14,0,0
BRDA:237,14,1,0
BRDA:238,15,0,0
BRDA:238,15,1,0
BRDA:242,16,0,0
BRDA:242,16,1,0
BRDA:246,17,0,0
BRDA:246,17,1,0
BRDA:250,18,0,0
BRDA:250,18,1,0
BRDA:251,19,0,0
BRDA:251,19,1,0
BRDA:255,20,0,0
BRDA:255,20,1,0
BRDA:262,21,0,0
BRDA:262,21,1,0
BRDA:263,22,0,0
BRDA:263,22,1,0
BRDA:264,23,0,0
BRDA:264,23,1,0
BRDA:276,24,0,0
BRDA:276,24,1,0
BRDA:285,25,0,0
BRDA:285,25,1,0
BRDA:286,26,0,0
BRDA:286,26,1,0
BRDA:287,27,0,0
BRDA:287,27,1,0
BRDA:324,28,0,0
BRDA:324,28,1,0
BRDA:339,29,0,0
BRDA:339,29,1,0
BRDA:366,30,0,0
BRDA:366,30,1,0
BRDA:421,31,0,0
BRDA:421,31,1,0
BRDA:441,32,0,0
BRDA:441,32,1,0
BRF:66
BRH:0
end_of_record
TN:
SF:app/(tabs)/ePod.tsx
FN:6,EPodScreen
FN:16,(anonymous_1)
FNF:2
FNH:0
FNDA:0,EPodScreen
FNDA:0,(anonymous_1)
DA:8,0
DA:9,0
DA:17,0
DA:34,0
LF:4
LH:0
BRDA:18,0,0,0
BRDA:18,0,1,0
BRF:2
BRH:0
end_of_record
TN:
SF:app/(tabs)/home.tsx
FN:54,HomeScreen
FN:72,(anonymous_1)
FN:75,(anonymous_2)
FN:88,(anonymous_3)
FN:130,(anonymous_4)
FN:137,(anonymous_5)
FN:153,(anonymous_6)
FN:185,(anonymous_7)
FN:186,(anonymous_8)
FN:189,(anonymous_9)
FN:194,(anonymous_10)
FN:197,(anonymous_11)
FN:211,(anonymous_12)
FN:215,(anonymous_13)
FN:224,(anonymous_14)
FN:226,(anonymous_15)
FN:232,(anonymous_16)
FN:247,(anonymous_17)
FN:251,(anonymous_18)
FN:259,(anonymous_19)
FN:277,(anonymous_20)
FN:285,(anonymous_21)
FN:286,(anonymous_22)
FN:287,(anonymous_23)
FN:299,(anonymous_24)
FN:314,(anonymous_25)
FN:316,(anonymous_26)
FN:324,(anonymous_27)
FN:330,(anonymous_28)
FN:397,(anonymous_29)
FN:455,(anonymous_30)
FN:495,(anonymous_31)
FN:498,(anonymous_32)
FN:520,(anonymous_33)
FN:589,(anonymous_34)
FN:619,(anonymous_35)
FN:633,(anonymous_36)
FN:673,(anonymous_37)
FN:700,(anonymous_38)
FNF:39
FNH:0
FNDA:0,HomeScreen
FNDA:0,(anonymous_1)
FNDA:0,(anonymous_2)
FNDA:0,(anonymous_3)
FNDA:0,(anonymous_4)
FNDA:0,(anonymous_5)
FNDA:0,(anonymous_6)
FNDA:0,(anonymous_7)
FNDA:0,(anonymous_8)
FNDA:0,(anonymous_9)
FNDA:0,(anonymous_10)
FNDA:0,(anonymous_11)
FNDA:0,(anonymous_12)
FNDA:0,(anonymous_13)
FNDA:0,(anonymous_14)
FNDA:0,(anonymous_15)
FNDA:0,(anonymous_16)
FNDA:0,(anonymous_17)
FNDA:0,(anonymous_18)
FNDA:0,(anonymous_19)
FNDA:0,(anonymous_20)
FNDA:0,(anonymous_21)
FNDA:0,(anonymous_22)
FNDA:0,(anonymous_23)
FNDA:0,(anonymous_24)
FNDA:0,(anonymous_25)
FNDA:0,(anonymous_26)
FNDA:0,(anonymous_27)
FNDA:0,(anonymous_28)
FNDA:0,(anonymous_29)
FNDA:0,(anonymous_30)
FNDA:0,(anonymous_31)
FNDA:0,(anonymous_32)
FNDA:0,(anonymous_33)
FNDA:0,(anonymous_34)
FNDA:0,(anonymous_35)
FNDA:0,(anonymous_36)
FNDA:0,(anonymous_37)
FNDA:0,(anonymous_38)
DA:55,0
DA:56,0
DA:57,0
DA:58,0
DA:59,0
DA:60,0
DA:61,0
DA:62,0
DA:63,0
DA:64,0
DA:65,0
DA:66,0
DA:67,0
DA:68,0
DA:71,0
DA:73,0
DA:75,0
DA:76,0
DA:77,0
DA:78,0
DA:80,0
DA:81,0
DA:83,0
DA:84,0
DA:85,0
DA:86,0
DA:88,0
DA:89,0
DA:91,0
DA:92,0
DA:93,0
DA:96,0
DA:97,0
DA:99,0
DA:100,0
DA:102,0
DA:103,0
DA:107,0
DA:108,0
DA:109,0
DA:110,0
DA:113,0
DA:114,0
DA:115,0
DA:116,0
DA:117,0
DA:119,0
DA:124,0
DA:127,0
DA:130,0
DA:131,0
DA:132,0
DA:137,0
DA:138,0
DA:139,0
DA:140,0
DA:141,0
DA:142,0
DA:144,0
DA:145,0
DA:146,0
DA:148,0
DA:149,0
DA:150,0
DA:151,0
DA:153,0
DA:154,0
DA:156,0
DA:157,0
DA:158,0
DA:161,0
DA:162,0
DA:164,0
DA:165,0
DA:167,0
DA:168,0
DA:172,0
DA:173,0
DA:174,0
DA:175,0
DA:178,0
DA:180,0
DA:185,0
DA:186,0
DA:187,0
DA:189,0
DA:194,0
DA:195,0
DA:197,0
DA:198,0
DA:199,0
DA:200,0
DA:202,0
DA:206,0
DA:211,0
DA:212,0
DA:215,0
DA:216,0
DA:217,0
DA:218,0
DA:220,0
DA:224,0
DA:226,0
DA:227,0
DA:228,0
DA:232,0
DA:233,0
DA:234,0
DA:235,0
DA:238,0
DA:247,0
DA:251,0
DA:252,0
DA:253,0
DA:254,0
DA:257,0
DA:258,0
DA:259,0
DA:261,0
DA:264,0
DA:265,0
DA:268,0
DA:269,0
DA:270,0
DA:272,0
DA:277,0
DA:278,0
DA:279,0
DA:281,0
DA:285,0
DA:286,0
DA:287,0
DA:288,0
DA:299,0
DA:300,0
DA:301,0
DA:302,0
DA:304,0
DA:309,0
DA:314,0
DA:316,0
DA:324,0
DA:325,0
DA:326,0
DA:330,0
DA:331,0
DA:397,0
DA:398,0
DA:455,0
DA:456,0
DA:495,0
DA:496,0
DA:498,0
DA:520,0
DA:521,0
DA:589,0
DA:590,0
DA:619,0
DA:620,0
DA:633,0
DA:634,0
DA:636,0
DA:638,0
DA:640,0
DA:642,0
DA:644,0
DA:646,0
DA:648,0
DA:650,0
DA:654,0
DA:674,0
DA:675,0
DA:677,0
DA:678,0
DA:680,0
DA:700,0
DA:743,0
LF:177
LH:0
BRDA:80,0,0,0
BRDA:80,0,1,0
BRDA:80,1,0,0
BRDA:80,1,1,0
BRDA:89,2,0,0
BRDA:89,2,1,0
BRDA:89,2,2,0
BRDA:89,2,3,0
BRDA:89,2,4,0
BRDA:144,3,0,0
BRDA:144,3,1,0
BRDA:144,4,0,0
BRDA:144,4,1,0
BRDA:154,5,0,0
BRDA:154,5,1,0
BRDA:154,5,2,0
BRDA:154,5,3,0
BRDA:154,5,4,0
BRDA:216,6,0,0
BRDA:216,6,1,0
BRDA:217,7,0,0
BRDA:217,7,1,0
BRDA:227,8,0,0
BRDA:227,8,1,0
BRDA:228,9,0,0
BRDA:228,9,1,0
BRDA:233,10,0,0
BRDA:233,10,1,0
BRDA:234,11,0,0
BRDA:234,11,1,0
BRDA:257,12,0,0
BRDA:257,12,1,0
BRDA:257,13,0,0
BRDA:257,13,1,0
BRDA:278,14,0,0
BRDA:278,14,1,0
BRDA:288,15,0,0
BRDA:288,15,1,0
BRDA:312,16,0,0
BRDA:312,16,1,0
BRDA:316,17,0,0
BRDA:316,17,1,0
BRDA:339,18,0,0
BRDA:339,18,1,0
BRDA:348,19,0,0
BRDA:348,19,1,0
BRDA:350,20,0,0
BRDA:350,20,1,0
BRDA:364,21,0,0
BRDA:364,21,1,0
BRDA:372,22,0,0
BRDA:372,22,1,0
BRDA:374,23,0,0
BRDA:374,23,1,0
BRDA:380,24,0,0
BRDA:380,24,1,0
BRDA:401,25,0,0
BRDA:401,25,1,0
BRDA:402,26,0,0
BRDA:402,26,1,0
BRDA:406,27,0,0
BRDA:406,27,1,0
BRDA:412,28,0,0
BRDA:412,28,1,0
BRDA:414,29,0,0
BRDA:414,29,1,0
BRDA:421,30,0,0
BRDA:421,30,1,0
BRDA:433,31,0,0
BRDA:433,31,1,0
BRDA:443,32,0,0
BRDA:443,32,1,0
BRDA:473,33,0,0
BRDA:473,33,1,0
BRDA:480,34,0,0
BRDA:480,34,1,0
BRDA:484,35,0,0
BRDA:484,35,1,0
BRDA:507,36,0,0
BRDA:507,36,1,0
BRDA:512,37,0,0
BRDA:512,37,1,0
BRDA:528,38,0,0
BRDA:528,38,1,0
BRDA:532,39,0,0
BRDA:532,39,1,0
BRDA:534,40,0,0
BRDA:534,40,1,0
BRDA:540,41,0,0
BRDA:540,41,1,0
BRDA:557,42,0,0
BRDA:557,42,1,0
BRDA:567,43,0,0
BRDA:567,43,1,0
BRDA:573,44,0,0
BRDA:573,44,1,0
BRDA:582,45,0,0
BRDA:582,45,1,0
BRDA:597,46,0,0
BRDA:597,46,1,0
BRDA:604,47,0,0
BRDA:604,47,1,0
BRDA:611,48,0,0
BRDA:611,48,1,0
BRDA:627,49,0,0
BRDA:627,49,1,0
BRDA:634,50,0,0
BRDA:634,50,1,0
BRDA:634,50,2,0
BRDA:634,50,3,0
BRDA:634,50,4,0
BRDA:634,50,5,0
BRDA:634,50,6,0
BRDA:634,50,7,0
BRDA:674,51,0,0
BRDA:674,51,1,0
BRDA:677,52,0,0
BRDA:677,52,1,0
BRDA:685,53,0,0
BRDA:685,53,1,0
BRDA:685,53,2,0
BRF:121
BRH:0
end_of_record
TN:
SF:app/(tabs)/track.tsx
FN:6,TrackAndTraceScreen
FN:15,(anonymous_1)
FNF:2
FNH:0
FNDA:0,TrackAndTraceScreen
FNDA:0,(anonymous_1)
DA:7,0
DA:8,0
DA:16,0
DA:31,0
LF:4
LH:0
BRDA:17,0,0,0
BRDA:17,0,1,0
BRF:2
BRH:0
end_of_record
TN:
SF:app/delivery/[id].tsx
FNF:0
FNH:0
LF:0
LH:0
BRF:0
BRH:0
end_of_record
TN:
SF:app/delivery/map.tsx
FNF:0
FNH:0
LF:0
LH:0
BRF:0
BRH:0
end_of_record
TN:
SF:app/pickup/notifications.tsx
FN:24,(anonymous_0)
FN:38,(anonymous_1)
FN:39,(anonymous_2)
FN:68,(anonymous_3)
FN:69,(anonymous_4)
FN:74,(anonymous_5)
FN:78,(anonymous_6)
FN:79,(anonymous_7)
FN:91,(anonymous_8)
FN:102,(anonymous_9)
FN:108,(anonymous_10)
FN:110,(anonymous_11)
FN:111,(anonymous_12)
FN:120,(anonymous_13)
FN:158,(anonymous_14)
FN:203,(anonymous_15)
FN:211,(anonymous_16)
FN:243,(anonymous_17)
FN:244,(anonymous_18)
FN:260,(anonymous_19)
FN:261,(anonymous_20)
FNF:21
FNH:0
FNDA:0,(anonymous_0)
FNDA:0,(anonymous_1)
FNDA:0,(anonymous_2)
FNDA:0,(anonymous_3)
FNDA:0,(anonymous_4)
FNDA:0,(anonymous_5)
FNDA:0,(anonymous_6)
FNDA:0,(anonymous_7)
FNDA:0,(anonymous_8)
FNDA:0,(anonymous_9)
FNDA:0,(anonymous_10)
FNDA:0,(anonymous_11)
FNDA:0,(anonymous_12)
FNDA:0,(anonymous_13)
FNDA:0,(anonymous_14)
FNDA:0,(anonymous_15)
FNDA:0,(anonymous_16)
FNDA:0,(anonymous_17)
FNDA:0,(anonymous_18)
FNDA:0,(anonymous_19)
FNDA:0,(anonymous_20)
DA:24,0
DA:25,0
DA:26,0
DA:27,0
DA:28,0
DA:29,0
DA:30,0
DA:32,0
DA:33,0
DA:34,0
DA:35,0
DA:38,0
DA:39,0
DA:40,0
DA:42,0
DA:43,0
DA:44,0
DA:47,0
DA:52,0
DA:53,0
DA:57,0
DA:58,0
DA:60,0
DA:64,0
DA:68,0
DA:69,0
DA:70,0
DA:71,0
DA:74,0
DA:78,0
DA:79,0
DA:80,0
DA:81,0
DA:83,0
DA:87,0
DA:91,0
DA:92,0
DA:93,0
DA:94,0
DA:97,0
DA:102,0
DA:103,0
DA:104,0
DA:108,0
DA:110,0
DA:111,0
DA:113,0
DA:114,0
DA:120,0
DA:121,0
DA:122,0
DA:123,0
DA:126,0
DA:128,0
DA:129,0
DA:130,0
DA:131,0
DA:134,0
DA:135,0
DA:137,0
DA:138,0
DA:140,0
DA:144,0
DA:152,0
DA:153,0
DA:158,0
DA:159,0
DA:160,0
DA:161,0
DA:163,0
DA:164,0
DA:166,0
DA:169,0
DA:173,0
DA:204,0
DA:211,0
DA:243,0
DA:244,0
DA:260,0
DA:261,0
DA:287,0
LF:81
LH:0
BRDA:43,0,0,0
BRDA:43,0,1,0
BRDA:58,1,0,0
BRDA:58,1,1,0
BRDA:92,2,0,0
BRDA:92,2,1,0
BRDA:114,3,0,0
BRDA:114,3,1,0
BRDA:121,4,0,0
BRDA:121,4,1,0
BRDA:129,5,0,0
BRDA:129,5,1,0
BRDA:137,6,0,0
BRDA:137,6,1,0
BRDA:146,7,0,0
BRDA:146,7,1,0
BRDA:163,8,0,0
BRDA:163,8,1,0
BRDA:181,9,0,0
BRDA:181,9,1,0
BRDA:185,10,0,0
BRDA:185,10,1,0
BRDA:208,11,0,0
BRDA:208,11,1,0
BRDA:240,12,0,0
BRDA:240,12,1,0
BRDA:244,13,0,0
BRDA:244,13,1,0
BRDA:246,14,0,0
BRDA:246,14,1,0
BRDA:248,15,0,0
BRDA:248,15,1,0
BRDA:261,16,0,0
BRDA:261,16,1,0
BRDA:263,17,0,0
BRDA:263,17,1,0
BRF:36
BRH:0
end_of_record
TN:
SF:app/pickup/verify.tsx
FN:62,PickupVerificationScreen
FN:86,(anonymous_1)
FN:87,(anonymous_2)
FN:105,(anonymous_3)
FN:112,(anonymous_4)
FN:124,(anonymous_5)
FN:128,(anonymous_6)
FN:145,(anonymous_7)
FN:158,(anonymous_8)
FN:161,(anonymous_9)
FN:164,(anonymous_10)
FN:172,(anonymous_11)
FN:180,(anonymous_12)
FN:182,(anonymous_13)
FN:187,(anonymous_14)
FN:199,(anonymous_15)
FN:204,(anonymous_16)
FN:210,(anonymous_17)
FN:223,(anonymous_18)
FN:236,(anonymous_19)
FN:243,(anonymous_20)
FN:288,(anonymous_21)
FN:324,(anonymous_22)
FN:325,(anonymous_23)
FN:336,(anonymous_24)
FN:337,(anonymous_25)
FN:339,(anonymous_26)
FN:354,(anonymous_27)
FN:355,(anonymous_28)
FN:371,(anonymous_29)
FN:379,(anonymous_30)
FN:411,(anonymous_31)
FN:451,(anonymous_32)
FN:457,(anonymous_33)
FN:469,(anonymous_34)
FN:484,(anonymous_35)
FN:485,(anonymous_36)
FN:505,(anonymous_37)
FN:506,(anonymous_38)
FN:526,(anonymous_39)
FN:572,(anonymous_40)
FN:581,(anonymous_41)
FN:588,(anonymous_42)
FN:675,(anonymous_43)
FN:682,(anonymous_44)
FN:683,(anonymous_45)
FN:689,(anonymous_46)
FN:691,(anonymous_47)
FN:726,(anonymous_48)
FN:763,(anonymous_49)
FN:775,(anonymous_50)
FN:782,(anonymous_51)
FN:782,(anonymous_52)
FN:798,(anonymous_53)
FN:798,(anonymous_54)
FN:808,(anonymous_55)
FN:833,(anonymous_56)
FN:842,(anonymous_57)
FNF:58
FNH:0
FNDA:0,PickupVerificationScreen
FNDA:0,(anonymous_1)
FNDA:0,(anonymous_2)
FNDA:0,(anonymous_3)
FNDA:0,(anonymous_4)
FNDA:0,(anonymous_5)
FNDA:0,(anonymous_6)
FNDA:0,(anonymous_7)
FNDA:0,(anonymous_8)
FNDA:0,(anonymous_9)
FNDA:0,(anonymous_10)
FNDA:0,(anonymous_11)
FNDA:0,(anonymous_12)
FNDA:0,(anonymous_13)
FNDA:0,(anonymous_14)
FNDA:0,(anonymous_15)
FNDA:0,(anonymous_16)
FNDA:0,(anonymous_17)
FNDA:0,(anonymous_18)
FNDA:0,(anonymous_19)
FNDA:0,(anonymous_20)
FNDA:0,(anonymous_21)
FNDA:0,(anonymous_22)
FNDA:0,(anonymous_23)
FNDA:0,(anonymous_24)
FNDA:0,(anonymous_25)
FNDA:0,(anonymous_26)
FNDA:0,(anonymous_27)
FNDA:0,(anonymous_28)
FNDA:0,(anonymous_29)
FNDA:0,(anonymous_30)
FNDA:0,(anonymous_31)
FNDA:0,(anonymous_32)
FNDA:0,(anonymous_33)
FNDA:0,(anonymous_34)
FNDA:0,(anonymous_35)
FNDA:0,(anonymous_36)
FNDA:0,(anonymous_37)
FNDA:0,(anonymous_38)
FNDA:0,(anonymous_39)
FNDA:0,(anonymous_40)
FNDA:0,(anonymous_41)
FNDA:0,(anonymous_42)
FNDA:0,(anonymous_43)
FNDA:0,(anonymous_44)
FNDA:0,(anonymous_45)
FNDA:0,(anonymous_46)
FNDA:0,(anonymous_47)
FNDA:0,(anonymous_48)
FNDA:0,(anonymous_49)
FNDA:0,(anonymous_50)
FNDA:0,(anonymous_51)
FNDA:0,(anonymous_52)
FNDA:0,(anonymous_53)
FNDA:0,(anonymous_54)
FNDA:0,(anonymous_55)
FNDA:0,(anonymous_56)
FNDA:0,(anonymous_57)
DA:63,0
DA:64,0
DA:65,0
DA:69,0
DA:70,0
DA:71,0
DA:72,0
DA:73,0
DA:74,0
DA:78,0
DA:79,0
DA:80,0
DA:81,0
DA:82,0
DA:86,0
DA:87,0
DA:88,0
DA:89,0
DA:91,0
DA:92,0
DA:93,0
DA:95,0
DA:98,0
DA:99,0
DA:102,0
DA:105,0
DA:106,0
DA:108,0
DA:109,0
DA:110,0
DA:111,0
DA:112,0
DA:113,0
DA:119,0
DA:121,0
DA:124,0
DA:128,0
DA:133,0
DA:134,0
DA:135,0
DA:138,0
DA:139,0
DA:145,0
DA:150,0
DA:154,0
DA:158,0
DA:159,0
DA:161,0
DA:162,0
DA:164,0
DA:167,0
DA:172,0
DA:173,0
DA:174,0
DA:180,0
DA:181,0
DA:182,0
DA:187,0
DA:188,0
DA:189,0
DA:190,0
DA:192,0
DA:194,0
DA:195,0
DA:199,0
DA:200,0
DA:201,0
DA:202,0
DA:204,0
DA:205,0
DA:210,0
DA:211,0
DA:212,0
DA:217,0
DA:219,0
DA:223,0
DA:224,0
DA:225,0
DA:230,0
DA:232,0
DA:236,0
DA:238,0
DA:243,0
DA:244,0
DA:245,0
DA:247,0
DA:248,0
DA:253,0
DA:256,0
DA:257,0
DA:259,0
DA:260,0
DA:261,0
DA:262,0
DA:263,0
DA:264,0
DA:270,0
DA:272,0
DA:276,0
DA:277,0
DA:279,0
DA:280,0
DA:285,0
DA:288,0
DA:289,0
DA:293,0
DA:294,0
DA:308,0
DA:309,0
DA:315,0
DA:316,0
DA:317,0
DA:318,0
DA:319,0
DA:321,0
DA:324,0
DA:325,0
DA:326,0
DA:335,0
DA:336,0
DA:337,0
DA:339,0
DA:340,0
DA:344,0
DA:345,0
DA:346,0
DA:347,0
DA:349,0
DA:354,0
DA:355,0
DA:356,0
DA:363,0
DA:373,0
DA:374,0
DA:375,0
DA:381,0
DA:382,0
DA:383,0
DA:388,0
DA:391,0
DA:392,0
DA:398,0
DA:406,0
DA:411,0
DA:412,0
DA:413,0
DA:418,0
DA:421,0
DA:423,0
DA:424,0
DA:432,0
DA:433,0
DA:435,0
DA:441,0
DA:442,0
DA:451,0
DA:452,0
DA:453,0
DA:457,0
DA:458,0
DA:459,0
DA:460,0
DA:461,0
DA:462,0
DA:463,0
DA:464,0
DA:469,0
DA:470,0
DA:471,0
DA:473,0
DA:474,0
DA:477,0
DA:478,0
DA:485,0
DA:499,0
DA:506,0
DA:527,0
DA:573,0
DA:582,0
DA:588,0
DA:675,0
DA:682,0
DA:683,0
DA:689,0
DA:692,0
DA:727,0
DA:728,0
DA:763,0
DA:776,0
DA:782,0
DA:798,0
DA:808,0
DA:834,0
DA:835,0
DA:842,0
DA:856,0
LF:196
LH:0
BRDA:91,0,0,0
BRDA:91,0,1,0
BRDA:93,1,0,0
BRDA:93,1,1,0
BRDA:98,2,0,0
BRDA:98,2,1,0
BRDA:98,3,0,0
BRDA:98,3,1,0
BRDA:111,4,0,0
BRDA:111,4,1,0
BRDA:111,5,0,0
BRDA:111,5,1,0
BRDA:124,6,0,0
BRDA:124,6,1,0
BRDA:159,7,0,0
BRDA:159,7,1,0
BRDA:173,8,0,0
BRDA:173,8,1,0
BRDA:173,9,0,0
BRDA:173,9,1,0
BRDA:181,10,0,0
BRDA:181,10,1,0
BRDA:181,11,0,0
BRDA:181,11,1,0
BRDA:189,12,0,0
BRDA:189,12,1,0
BRDA:200,13,0,0
BRDA:200,13,1,0
BRDA:211,14,0,0
BRDA:211,14,1,0
BRDA:224,15,0,0
BRDA:224,15,1,0
BRDA:247,16,0,0
BRDA:247,16,1,0
BRDA:247,17,0,0
BRDA:247,17,1,0
BRDA:262,18,0,0
BRDA:262,18,1,0
BRDA:279,19,0,0
BRDA:279,19,1,0
BRDA:282,20,0,0
BRDA:282,20,1,0
BRDA:301,21,0,0
BRDA:301,21,1,0
BRDA:302,22,0,0
BRDA:302,22,1,0
BRDA:308,23,0,0
BRDA:308,23,1,0
BRDA:317,24,0,0
BRDA:317,24,1,0
BRDA:326,25,0,0
BRDA:326,25,1,0
BRDA:340,26,0,0
BRDA:340,26,1,0
BRDA:344,27,0,0
BRDA:344,27,1,0
BRDA:346,28,0,0
BRDA:346,28,1,0
BRDA:356,29,0,0
BRDA:356,29,1,0
BRDA:391,30,0,0
BRDA:391,30,1,0
BRDA:391,31,0,0
BRDA:391,31,1,0
BRDA:412,32,0,0
BRDA:412,32,1,0
BRDA:458,33,0,0
BRDA:458,33,1,0
BRDA:458,33,2,0
BRDA:458,33,3,0
BRDA:458,33,4,0
BRDA:458,33,5,0
BRDA:470,34,0,0
BRDA:470,34,1,0
BRDA:477,35,0,0
BRDA:477,35,1,0
BRDA:523,36,0,0
BRDA:523,36,1,0
BRDA:556,37,0,0
BRDA:556,37,1,0
BRDA:558,38,0,0
BRDA:558,38,1,0
BRDA:561,39,0,0
BRDA:561,39,1,0
BRDA:577,40,0,0
BRDA:577,40,1,0
BRDA:586,41,0,0
BRDA:586,41,1,0
BRDA:592,42,0,0
BRDA:592,42,1,0
BRDA:594,43,0,0
BRDA:594,43,1,0
BRDA:611,44,0,0
BRDA:611,44,1,0
BRDA:618,45,0,0
BRDA:618,45,1,0
BRDA:656,46,0,0
BRDA:656,46,1,0
BRDA:663,47,0,0
BRDA:663,47,1,0
BRDA:696,48,0,0
BRDA:696,48,1,0
BRDA:699,49,0,0
BRDA:699,49,1,0
BRDA:715,50,0,0
BRDA:715,50,1,0
BRDA:740,51,0,0
BRDA:740,51,1,0
BRDA:740,51,2,0
BRDA:743,52,0,0
BRDA:743,52,1,0
BRDA:745,53,0,0
BRDA:745,53,1,0
BRDA:780,54,0,0
BRDA:780,54,1,0
BRDA:786,55,0,0
BRDA:786,55,1,0
BRDA:823,56,0,0
BRDA:823,56,1,0
BRF:119
BRH:0
end_of_record
TN:
SF:backup/epickup_old.tsx
FN:28,(anonymous_0)
FN:29,(anonymous_1)
FN:35,EPickupScreen
FN:59,(anonymous_3)
FN:61,(anonymous_4)
FN:67,(anonymous_5)
FN:74,(anonymous_6)
FN:108,(anonymous_7)
FN:113,(anonymous_8)
FN:120,(anonymous_9)
FN:121,(anonymous_10)
FN:133,(anonymous_11)
FN:146,(anonymous_12)
FN:153,(anonymous_13)
FN:172,(anonymous_14)
FN:185,(anonymous_15)
FN:207,(anonymous_16)
FN:216,(anonymous_17)
FN:281,(anonymous_18)
FN:287,(anonymous_19)
FN:292,(anonymous_20)
FN:304,(anonymous_21)
FN:335,(anonymous_22)
FN:349,(anonymous_23)
FN:370,(anonymous_24)
FN:388,(anonymous_25)
FN:394,(anonymous_26)
FN:394,(anonymous_27)
FN:410,(anonymous_28)
FN:422,(anonymous_29)
FN:432,(anonymous_30)
FN:448,(anonymous_31)
FNF:32
FNH:0
FNDA:0,(anonymous_0)
FNDA:0,(anonymous_1)
FNDA:0,EPickupScreen
FNDA:0,(anonymous_3)
FNDA:0,(anonymous_4)
FNDA:0,(anonymous_5)
FNDA:0,(anonymous_6)
FNDA:0,(anonymous_7)
FNDA:0,(anonymous_8)
FNDA:0,(anonymous_9)
FNDA:0,(anonymous_10)
FNDA:0,(anonymous_11)
FNDA:0,(anonymous_12)
FNDA:0,(anonymous_13)
FNDA:0,(anonymous_14)
FNDA:0,(anonymous_15)
FNDA:0,(anonymous_16)
FNDA:0,(anonymous_17)
FNDA:0,(anonymous_18)
FNDA:0,(anonymous_19)
FNDA:0,(anonymous_20)
FNDA:0,(anonymous_21)
FNDA:0,(anonymous_22)
FNDA:0,(anonymous_23)
FNDA:0,(anonymous_24)
FNDA:0,(anonymous_25)
FNDA:0,(anonymous_26)
FNDA:0,(anonymous_27)
FNDA:0,(anonymous_28)
FNDA:0,(anonymous_29)
FNDA:0,(anonymous_30)
FNDA:0,(anonymous_31)
DA:27,0
DA:28,0
DA:29,0
DA:32,0
DA:33,0
DA:36,0
DA:37,0
DA:38,0
DA:39,0
DA:40,0
DA:41,0
DA:42,0
DA:53,0
DA:59,0
DA:60,0
DA:61,0
DA:62,0
DA:67,0
DA:68,0
DA:70,0
DA:74,0
DA:76,0
DA:79,0
DA:82,0
DA:98,0
DA:108,0
DA:109,0
DA:113,0
DA:114,0
DA:115,0
DA:120,0
DA:121,0
DA:122,0
DA:123,0
DA:125,0
DA:126,0
DA:129,0
DA:133,0
DA:134,0
DA:135,0
DA:136,0
DA:137,0
DA:139,0
DA:140,0
DA:141,0
DA:146,0
DA:147,0
DA:148,0
DA:149,0
DA:153,0
DA:154,0
DA:156,0
DA:157,0
DA:159,0
DA:160,0
DA:161,0
DA:167,0
DA:172,0
DA:173,0
DA:174,0
DA:176,0
DA:185,0
DA:186,0
DA:207,0
DA:208,0
DA:216,0
DA:217,0
DA:281,0
DA:282,0
DA:287,0
DA:293,0
DA:304,0
DA:305,0
DA:335,0
DA:336,0
DA:349,0
DA:362,0
DA:370,0
DA:371,0
DA:372,0
DA:373,0
DA:374,0
DA:375,0
DA:378,0
DA:389,0
DA:394,0
DA:410,0
DA:423,0
DA:424,0
DA:433,0
DA:434,0
DA:449,0
DA:450,0
DA:452,0
DA:468,0
LF:95
LH:0
BRDA:27,0,0,0
BRDA:27,0,1,0
BRDA:60,1,0,0
BRDA:60,1,1,0
BRDA:109,2,0,0
BRDA:109,2,1,0
BRDA:114,3,0,0
BRDA:114,3,1,0
BRDA:123,4,0,0
BRDA:123,4,1,0
BRDA:134,5,0,0
BRDA:134,5,1,0
BRDA:154,6,0,0
BRDA:154,6,1,0
BRDA:159,7,0,0
BRDA:159,7,1,0
BRDA:173,8,0,0
BRDA:173,8,1,0
BRDA:192,9,0,0
BRDA:192,9,1,0
BRDA:192,10,0,0
BRDA:192,10,1,0
BRDA:198,11,0,0
BRDA:198,11,1,0
BRDA:220,12,0,0
BRDA:220,12,1,0
BRDA:224,13,0,0
BRDA:224,13,1,0
BRDA:227,14,0,0
BRDA:227,14,1,0
BRDA:228,15,0,0
BRDA:228,15,1,0
BRDA:229,16,0,0
BRDA:229,16,1,0
BRDA:235,17,0,0
BRDA:235,17,1,0
BRDA:237,18,0,0
BRDA:237,18,1,0
BRDA:246,19,0,0
BRDA:246,19,1,0
BRDA:271,20,0,0
BRDA:271,20,1,0
BRDA:273,21,0,0
BRDA:273,21,1,0
BRDA:283,22,0,0
BRDA:283,22,1,0
BRDA:283,22,2,0
BRDA:309,23,0,0
BRDA:309,23,1,0
BRDA:318,24,0,0
BRDA:318,24,1,0
BRDA:326,25,0,0
BRDA:326,25,1,0
BRDA:345,26,0,0
BRDA:345,26,1,0
BRDA:371,27,0,0
BRDA:371,27,1,0
BRDA:372,28,0,0
BRDA:372,28,1,0
BRDA:373,29,0,0
BRDA:373,29,1,0
BRDA:374,30,0,0
BRDA:374,30,1,0
BRDA:390,31,0,0
BRDA:390,31,1,0
BRDA:392,32,0,0
BRDA:392,32,1,0
BRDA:416,33,0,0
BRDA:416,33,1,0
BRDA:423,34,0,0
BRDA:423,34,1,0
BRDA:449,35,0,0
BRDA:449,35,1,0
BRF:73
BRH:0
end_of_record
TN:
SF:backup/schema_old.ts
FN:7,(anonymous_0)
FN:8,(anonymous_1)
FN:255,(anonymous_2)
FNF:3
FNH:0
FNDA:0,(anonymous_0)
FNDA:0,(anonymous_1)
FNDA:0,(anonymous_2)
DA:4,0
DA:5,0
DA:7,0
DA:8,0
DA:9,0
DA:11,0
DA:30,0
DA:51,0
DA:65,0
DA:86,0
DA:100,0
DA:116,0
DA:129,0
DA:153,0
DA:167,0
DA:184,0
DA:198,0
DA:214,0
DA:229,0
DA:246,0
DA:247,0
DA:249,0
DA:250,0
DA:255,0
DA:256,0
LF:25
LH:0
BRDA:4,0,0,0
BRDA:4,0,1,0
BRF:2
BRH:0
end_of_record
TN:
SF:components/ActionFooter.tsx
FN:11,(anonymous_0)
FNF:1
FNH:1
FNDA:11,(anonymous_0)
DA:11,1
DA:16,11
DA:48,1
LF:3
LH:3
BRDA:22,0,0,11
BRDA:22,0,1,5
BRDA:29,1,0,11
BRDA:29,1,1,5
BRDA:37,2,0,11
BRDA:37,2,1,5
BRF:6
BRH:6
end_of_record
TN:
SF:components/AppStateController.tsx
FN:28,(anonymous_0)
FN:34,(anonymous_1)
FN:35,(anonymous_2)
FN:50,(anonymous_3)
FN:69,(anonymous_4)
FN:74,(anonymous_5)
FN:79,(anonymous_6)
FN:113,(anonymous_7)
FN:124,(anonymous_8)
FN:128,(anonymous_9)
FNF:10
FNH:0
FNDA:0,(anonymous_0)
FNDA:0,(anonymous_1)
FNDA:0,(anonymous_2)
FNDA:0,(anonymous_3)
FNDA:0,(anonymous_4)
FNDA:0,(anonymous_5)
FNDA:0,(anonymous_6)
FNDA:0,(anonymous_7)
FNDA:0,(anonymous_8)
FNDA:0,(anonymous_9)
DA:10,0
DA:17,0
DA:28,0
DA:29,0
DA:30,0
DA:31,0
DA:34,0
DA:35,0
DA:36,0
DA:37,0
DA:38,0
DA:39,0
DA:42,0
DA:46,0
DA:50,0
DA:51,0
DA:53,0
DA:54,0
DA:55,0
DA:56,0
DA:59,0
DA:60,0
DA:61,0
DA:64,0
DA:65,0
DA:69,0
DA:70,0
DA:74,0
DA:75,0
DA:79,0
DA:80,0
DA:84,0
DA:86,0
DA:114,0
DA:124,0
DA:128,0
DA:158,0
LF:37
LH:0
BRDA:38,0,0,0
BRDA:38,0,1,0
BRDA:51,1,0,0
BRDA:51,1,1,0
BRDA:59,2,0,0
BRDA:59,2,1,0
BRDA:70,3,0,0
BRDA:70,3,1,0
BRDA:75,4,0,0
BRDA:75,4,1,0
BRDA:84,5,0,0
BRDA:84,5,1,0
BRDA:93,6,0,0
BRDA:93,6,1,0
BRDA:96,7,0,0
BRDA:96,7,1,0
BRDA:148,8,0,0
BRDA:148,8,1,0
BRF:18
BRH:0
end_of_record
TN:
SF:components/Collapsible.tsx
FN:10,Collapsible
FN:18,(anonymous_1)
FN:18,(anonymous_2)
FNF:3
FNH:0
FNDA:0,Collapsible
FNDA:0,(anonymous_1)
FNDA:0,(anonymous_2)
DA:11,0
DA:12,0
DA:14,0
DA:18,0
DA:35,0
LF:5
LH:0
BRDA:12,0,0,0
BRDA:12,0,1,0
BRDA:24,1,0,0
BRDA:24,1,1,0
BRDA:25,2,0,0
BRDA:25,2,1,0
BRDA:30,3,0,0
BRDA:30,3,1,0
BRF:8
BRH:0
end_of_record
TN:
SF:components/DatabaseController.tsx
FN:28,(anonymous_0)
FN:33,(anonymous_1)
FN:43,(anonymous_2)
FN:51,(anonymous_3)
FN:95,(anonymous_4)
FN:117,(anonymous_5)
FN:141,(anonymous_6)
FN:166,(anonymous_7)
FN:170,(anonymous_8)
FN:214,(anonymous_9)
FN:230,(anonymous_10)
FN:243,(anonymous_11)
FN:260,(anonymous_12)
FN:286,(anonymous_13)
FN:290,(anonymous_14)
FN:318,(anonymous_15)
FNF:16
FNH:0
FNDA:0,(anonymous_0)
FNDA:0,(anonymous_1)
FNDA:0,(anonymous_2)
FNDA:0,(anonymous_3)
FNDA:0,(anonymous_4)
FNDA:0,(anonymous_5)
FNDA:0,(anonymous_6)
FNDA:0,(anonymous_7)
FNDA:0,(anonymous_8)
FNDA:0,(anonymous_9)
FNDA:0,(anonymous_10)
FNDA:0,(anonymous_11)
FNDA:0,(anonymous_12)
FNDA:0,(anonymous_13)
FNDA:0,(anonymous_14)
FNDA:0,(anonymous_15)
DA:25,0
DA:28,0
DA:29,0
DA:30,0
DA:33,0
DA:34,0
DA:35,0
DA:43,0
DA:44,0
DA:45,0
DA:48,0
DA:51,0
DA:52,0
DA:53,0
DA:56,0
DA:57,0
DA:60,0
DA:62,0
DA:63,0
DA:85,0
DA:86,0
DA:89,0
DA:94,0
DA:95,0
DA:98,0
DA:99,0
DA:100,0
DA:105,0
DA:109,0
DA:110,0
DA:117,0
DA:118,0
DA:119,0
DA:122,0
DA:125,0
DA:126,0
DA:127,0
DA:129,0
DA:135,0
DA:136,0
DA:141,0
DA:142,0
DA:143,0
DA:146,0
DA:147,0
DA:148,0
DA:149,0
DA:150,0
DA:151,0
DA:152,0
DA:153,0
DA:154,0
DA:158,0
DA:161,0
DA:162,0
DA:166,0
DA:167,0
DA:170,0
DA:171,0
DA:172,0
DA:173,0
DA:176,0
DA:178,0
DA:183,0
DA:184,0
DA:185,0
DA:190,0
DA:202,0
DA:207,0
DA:209,0
DA:214,0
DA:215,0
DA:217,0
DA:219,0
DA:220,0
DA:222,0
DA:225,0
DA:230,0
DA:231,0
DA:233,0
DA:243,0
DA:250,0
DA:263,0
DA:264,0
DA:272,0
DA:274,0
DA:287,0
DA:290,0
DA:318,0
DA:327,0
LF:90
LH:0
BRDA:25,0,0,0
BRDA:25,0,1,0
BRDA:62,1,0,0
BRDA:62,1,1,0
BRDA:98,2,0,0
BRDA:98,2,1,0
BRDA:171,3,0,0
BRDA:171,3,1,0
BRDA:171,4,0,0
BRDA:171,4,1,0
BRDA:183,5,0,0
BRDA:183,5,1,0
BRDA:183,6,0,0
BRDA:183,6,1,0
BRDA:183,6,2,0
BRDA:219,7,0,0
BRDA:219,7,1,0
BRDA:219,8,0,0
BRDA:219,8,1,0
BRDA:219,8,2,0
BRDA:231,9,0,0
BRDA:231,9,1,0
BRDA:243,10,0,0
BRDA:243,10,1,0
BRDA:272,11,0,0
BRDA:272,11,1,0
BRDA:316,12,0,0
BRDA:316,12,1,0
BRF:28
BRH:0
end_of_record
TN:
SF:components/DebugLogSection.tsx
FN:10,(anonymous_0)
FN:23,(anonymous_1)
FNF:2
FNH:0
FNDA:0,(anonymous_0)
FNDA:0,(anonymous_1)
DA:10,0
DA:11,0
DA:13,0
DA:24,0
DA:33,0
LF:5
LH:0
BRDA:11,0,0,0
BRDA:11,0,1,0
BRF:2
BRH:0
end_of_record
TN:
SF:components/DemoController.tsx
FN:14,(anonymous_0)
FN:18,(anonymous_1)
FN:26,(anonymous_2)
FN:70,(anonymous_3)
FN:81,(anonymous_4)
FN:92,(anonymous_5)
FN:107,(anonymous_6)
FN:111,(anonymous_7)
FN:115,(anonymous_8)
FNF:9
FNH:0
FNDA:0,(anonymous_0)
FNDA:0,(anonymous_1)
FNDA:0,(anonymous_2)
FNDA:0,(anonymous_3)
FNDA:0,(anonymous_4)
FNDA:0,(anonymous_5)
FNDA:0,(anonymous_6)
FNDA:0,(anonymous_7)
FNDA:0,(anonymous_8)
DA:14,0
DA:15,0
DA:16,0
DA:18,0
DA:19,0
DA:20,0
DA:21,0
DA:26,0
DA:27,0
DA:28,0
DA:31,0
DA:70,0
DA:81,0
DA:92,0
DA:107,0
DA:111,0
DA:115,0
DA:139,0
LF:18
LH:0
BRDA:20,0,0,0
BRDA:20,0,1,0
BRDA:41,1,0,0
BRDA:41,1,1,0
BRDA:49,2,0,0
BRDA:49,2,1,0
BRDA:73,3,0,0
BRDA:73,3,1,0
BRDA:84,4,0,0
BRDA:84,4,1,0
BRDA:95,5,0,0
BRDA:95,5,1,0
BRDA:119,6,0,0
BRDA:119,6,1,0
BRF:14
BRH:0
end_of_record
TN:
SF:components/ExternalLink.tsx
FN:8,ExternalLink
FN:14,(anonymous_1)
FNF:2
FNH:0
FNDA:0,ExternalLink
FNDA:0,(anonymous_1)
DA:9,0
DA:15,0
DA:17,0
DA:19,0
LF:4
LH:0
BRDA:15,0,0,0
BRDA:15,0,1,0
BRF:2
BRH:0
end_of_record
TN:
SF:components/HapticTab.tsx
FN:5,HapticTab
FN:9,(anonymous_1)
FNF:2
FNH:0
FNDA:0,HapticTab
FNDA:0,(anonymous_1)
DA:6,0
DA:10,0
DA:12,0
DA:14,0
LF:4
LH:0
BRDA:10,0,0,0
BRDA:10,0,1,0
BRF:2
BRH:0
end_of_record
TN:
SF:components/HeaderRight.tsx
FN:19,(anonymous_0)
FN:33,(anonymous_1)
FN:46,(anonymous_2)
FN:86,(anonymous_3)
FNF:4
FNH:4
FNDA:29,(anonymous_0)
FNDA:29,(anonymous_1)
FNDA:29,(anonymous_2)
FNDA:29,(anonymous_3)
DA:19,1
DA:33,29
DA:34,29
DA:36,5
DA:38,4
DA:40,1
DA:42,19
DA:46,29
DA:47,29
DA:49,5
DA:58,4
DA:67,1
DA:75,19
DA:86,29
DA:87,29
DA:89,5
DA:91,4
DA:93,1
DA:95,19
DA:99,29
DA:150,1
LF:21
LH:21
BRDA:23,0,0,0
BRDA:34,1,0,5
BRDA:34,1,1,4
BRDA:34,1,2,1
BRDA:34,1,3,19
BRDA:47,2,0,5
BRDA:47,2,1,4
BRDA:47,2,2,1
BRDA:47,2,3,19
BRDA:87,3,0,5
BRDA:87,3,1,4
BRDA:87,3,2,1
BRDA:87,3,3,19
BRDA:89,4,0,1
BRDA:89,4,1,4
BRDA:91,5,0,2
BRDA:91,5,1,2
BRDA:103,6,0,28
BRDA:103,6,1,1
BRDA:105,7,0,29
BRDA:105,7,1,11
BRDA:109,8,0,11
BRDA:109,8,1,8
BRDA:111,9,0,7
BRDA:111,9,1,4
BRDA:112,10,0,11
BRDA:112,10,1,4
BRDA:113,11,0,3
BRDA:113,11,1,8
BRDA:128,12,0,29
BRDA:128,12,1,5
BRDA:129,13,0,29
BRDA:129,13,1,4
BRF:33
BRH:32
end_of_record
TN:
SF:components/HelloWave.tsx
FN:13,HelloWave
FN:16,(anonymous_1)
FN:23,(anonymous_2)
FNF:3
FNH:0
FNDA:0,HelloWave
FNDA:0,(anonymous_1)
FNDA:0,(anonymous_2)
DA:14,0
DA:16,0
DA:17,0
DA:23,0
DA:27,0
DA:34,0
LF:6
LH:0
BRF:0
BRH:0
end_of_record
TN:
SF:components/LocationVerificationSection.tsx
FN:21,(anonymous_0)
FN:34,(anonymous_1)
FN:73,(anonymous_2)
FN:83,(anonymous_3)
FN:93,(anonymous_4)
FN:130,(anonymous_5)
FN:137,(anonymous_6)
FN:141,(anonymous_7)
FN:145,(anonymous_8)
FN:152,(anonymous_9)
FNF:10
FNH:0
FNDA:0,(anonymous_0)
FNDA:0,(anonymous_1)
FNDA:0,(anonymous_2)
FNDA:0,(anonymous_3)
FNDA:0,(anonymous_4)
FNDA:0,(anonymous_5)
FNDA:0,(anonymous_6)
FNDA:0,(anonymous_7)
FNDA:0,(anonymous_8)
FNDA:0,(anonymous_9)
DA:21,0
DA:28,0
DA:29,0
DA:30,0
DA:31,0
DA:34,0
DA:41,0
DA:42,0
DA:45,0
DA:47,0
DA:48,0
DA:49,0
DA:50,0
DA:52,0
DA:53,0
DA:54,0
DA:58,0
DA:59,0
DA:60,0
DA:61,0
DA:62,0
DA:64,0
DA:67,0
DA:69,0
DA:73,0
DA:74,0
DA:75,0
DA:83,0
DA:84,0
DA:85,0
DA:86,0
DA:89,0
DA:93,0
DA:94,0
DA:96,0
DA:98,0
DA:100,0
DA:101,0
DA:102,0
DA:105,0
DA:106,0
DA:107,0
DA:111,0
DA:118,0
DA:119,0
DA:121,0
DA:124,0
DA:125,0
DA:130,0
DA:131,0
DA:132,0
DA:133,0
DA:137,0
DA:138,0
DA:141,0
DA:145,0
DA:146,0
DA:147,0
DA:152,0
DA:153,0
DA:154,0
DA:155,0
DA:156,0
DA:161,0
DA:227,0
LF:65
LH:0
BRDA:45,0,0,0
BRDA:45,0,1,0
BRDA:45,1,0,0
BRDA:45,1,1,0
BRDA:74,2,0,0
BRDA:74,2,1,0
BRDA:78,3,0,0
BRDA:78,3,1,0
BRDA:86,4,0,0
BRDA:86,4,1,0
BRDA:94,5,0,0
BRDA:94,5,1,0
BRDA:101,6,0,0
BRDA:101,6,1,0
BRDA:101,7,0,0
BRDA:101,7,1,0
BRDA:101,8,0,0
BRDA:101,8,1,0
BRDA:105,9,0,0
BRDA:105,9,1,0
BRDA:131,10,0,0
BRDA:131,10,1,0
BRDA:146,11,0,0
BRDA:146,11,1,0
BRDA:153,12,0,0
BRDA:153,12,1,0
BRDA:154,13,0,0
BRDA:154,13,1,0
BRDA:155,14,0,0
BRDA:155,14,1,0
BRDA:156,15,0,0
BRDA:156,15,1,0
BRDA:166,16,0,0
BRDA:166,16,1,0
BRDA:180,17,0,0
BRDA:180,17,1,0
BRDA:182,18,0,0
BRDA:182,18,1,0
BRDA:185,19,0,0
BRDA:185,19,1,0
BRDA:190,20,0,0
BRDA:190,20,1,0
BRDA:193,21,0,0
BRDA:193,21,1,0
BRDA:203,22,0,0
BRDA:203,22,1,0
BRDA:205,23,0,0
BRDA:205,23,1,0
BRDA:205,23,2,0
BRDA:207,24,0,0
BRDA:207,24,1,0
BRDA:207,24,2,0
BRDA:207,24,3,0
BRDA:208,25,0,0
BRDA:208,25,1,0
BRDA:208,26,0,0
BRDA:208,26,1,0
BRDA:217,27,0,0
BRDA:217,27,1,0
BRF:59
BRH:0
end_of_record
TN:
SF:components/PackageDetailModal.tsx
FN:32,(anonymous_0)
FN:38,(anonymous_1)
FN:47,(anonymous_2)
FN:65,(anonymous_3)
FNF:4
FNH:0
FNDA:0,(anonymous_0)
FNDA:0,(anonymous_1)
FNDA:0,(anonymous_2)
FNDA:0,(anonymous_3)
DA:32,0
DA:38,0
DA:39,0
DA:40,0
DA:47,0
DA:48,0
DA:49,0
DA:50,0
DA:51,0
DA:52,0
DA:56,0
DA:65,0
DA:164,0
LF:13
LH:0
BRDA:48,0,0,0
BRDA:48,0,1,0
BRDA:48,0,2,0
BRDA:48,0,3,0
BRDA:74,1,0,0
BRDA:74,1,1,0
BRDA:84,2,0,0
BRDA:84,2,1,0
BRF:8
BRH:0
end_of_record
TN:
SF:components/PackageListSection.tsx
FN:39,(anonymous_0)
FN:50,(anonymous_1)
FN:54,(anonymous_2)
FN:61,(anonymous_3)
FN:69,(anonymous_4)
FN:81,(anonymous_5)
FN:118,(anonymous_6)
FN:137,(anonymous_7)
FN:152,(anonymous_8)
FN:158,(anonymous_9)
FN:167,(anonymous_10)
FN:177,(anonymous_11)
FN:181,(anonymous_12)
FN:188,(anonymous_13)
FN:197,(anonymous_14)
FN:206,(anonymous_15)
FN:309,(anonymous_16)
FN:313,(anonymous_17)
FN:336,(anonymous_18)
FN:348,(anonymous_19)
FN:380,(anonymous_20)
FNF:21
FNH:0
FNDA:0,(anonymous_0)
FNDA:0,(anonymous_1)
FNDA:0,(anonymous_2)
FNDA:0,(anonymous_3)
FNDA:0,(anonymous_4)
FNDA:0,(anonymous_5)
FNDA:0,(anonymous_6)
FNDA:0,(anonymous_7)
FNDA:0,(anonymous_8)
FNDA:0,(anonymous_9)
FNDA:0,(anonymous_10)
FNDA:0,(anonymous_11)
FNDA:0,(anonymous_12)
FNDA:0,(anonymous_13)
FNDA:0,(anonymous_14)
FNDA:0,(anonymous_15)
FNDA:0,(anonymous_16)
FNDA:0,(anonymous_17)
FNDA:0,(anonymous_18)
FNDA:0,(anonymous_19)
FNDA:0,(anonymous_20)
DA:39,0
DA:45,0
DA:46,0
DA:47,0
DA:50,0
DA:51,0
DA:54,0
DA:55,0
DA:56,0
DA:61,0
DA:62,0
DA:63,0
DA:64,0
DA:69,0
DA:70,0
DA:82,0
DA:83,0
DA:85,0
DA:87,0
DA:88,0
DA:90,0
DA:100,0
DA:101,0
DA:104,0
DA:106,0
DA:108,0
DA:118,0
DA:125,0
DA:127,0
DA:137,0
DA:152,0
DA:153,0
DA:154,0
DA:158,0
DA:159,0
DA:160,0
DA:167,0
DA:168,0
DA:169,0
DA:170,0
DA:171,0
DA:172,0
DA:177,0
DA:178,0
DA:181,0
DA:188,0
DA:197,0
DA:198,0
DA:206,0
DA:309,0
DA:310,0
DA:313,0
DA:336,0
DA:348,0
DA:349,0
DA:359,0
DA:380,0
DA:393,0
LF:58
LH:0
BRDA:51,0,0,0
BRDA:51,0,1,0
BRDA:55,1,0,0
BRDA:55,1,1,0
BRDA:87,2,0,0
BRDA:87,2,1,0
BRDA:100,3,0,0
BRDA:100,3,1,0
BRDA:110,4,0,0
BRDA:110,4,1,0
BRDA:168,5,0,0
BRDA:168,5,1,0
BRDA:168,5,2,0
BRDA:168,5,3,0
BRDA:215,6,0,0
BRDA:215,6,1,0
BRDA:232,7,0,0
BRDA:232,7,1,0
BRDA:268,8,0,0
BRDA:268,8,1,0
BRDA:310,9,0,0
BRDA:310,9,1,0
BRDA:319,10,0,0
BRDA:319,10,1,0
BRDA:325,11,0,0
BRDA:325,11,1,0
BRDA:325,11,2,0
BRDA:342,12,0,0
BRDA:342,12,1,0
BRDA:372,13,0,0
BRDA:372,13,1,0
BRF:31
BRH:0
end_of_record
TN:
SF:components/ParallaxScrollView.tsx
FN:21,ParallaxScrollView
FN:30,(anonymous_1)
FNF:2
FNH:0
FNDA:0,ParallaxScrollView
FNDA:0,(anonymous_1)
DA:14,0
DA:26,0
DA:27,0
DA:28,0
DA:29,0
DA:30,0
DA:31,0
DA:47,0
DA:68,0
LF:9
LH:0
BRDA:26,0,0,0
BRDA:26,0,1,0
BRF:2
BRH:0
end_of_record
TN:
SF:components/ScannerSection.tsx
FN:24,(anonymous_0)
FNF:1
FNH:0
FNDA:0,(anonymous_0)
DA:24,0
DA:34,0
DA:86,0
LF:3
LH:0
BRDA:40,0,0,0
BRDA:40,0,1,0
BRDA:42,1,0,0
BRDA:42,1,1,0
BRDA:51,2,0,0
BRDA:51,2,1,0
BRDA:76,3,0,0
BRDA:76,3,1,0
BRDA:78,4,0,0
BRDA:78,4,1,0
BRF:10
BRH:0
end_of_record
TN:
SF:components/SyncController.tsx
FN:28,(anonymous_0)
FN:34,(anonymous_1)
FN:35,(anonymous_2)
FN:37,(anonymous_3)
FN:41,(anonymous_4)
FN:48,(anonymous_5)
FN:57,(anonymous_6)
FN:65,(anonymous_7)
FN:78,(anonymous_8)
FN:89,(anonymous_9)
FN:107,(anonymous_10)
FN:142,(anonymous_11)
FN:148,(anonymous_12)
FN:159,(anonymous_13)
FN:169,(anonymous_14)
FNF:15
FNH:0
FNDA:0,(anonymous_0)
FNDA:0,(anonymous_1)
FNDA:0,(anonymous_2)
FNDA:0,(anonymous_3)
FNDA:0,(anonymous_4)
FNDA:0,(anonymous_5)
FNDA:0,(anonymous_6)
FNDA:0,(anonymous_7)
FNDA:0,(anonymous_8)
FNDA:0,(anonymous_9)
FNDA:0,(anonymous_10)
FNDA:0,(anonymous_11)
FNDA:0,(anonymous_12)
FNDA:0,(anonymous_13)
FNDA:0,(anonymous_14)
DA:28,0
DA:29,0
DA:30,0
DA:31,0
DA:34,0
DA:35,0
DA:36,0
DA:37,0
DA:38,0
DA:42,0
DA:43,0
DA:44,0
DA:46,0
DA:49,0
DA:50,0
DA:57,0
DA:58,0
DA:59,0
DA:65,0
DA:66,0
DA:67,0
DA:68,0
DA:73,0
DA:78,0
DA:79,0
DA:80,0
DA:81,0
DA:83,0
DA:89,0
DA:93,0
DA:94,0
DA:96,0
DA:97,0
DA:101,0
DA:103,0
DA:107,0
DA:109,0
DA:110,0
DA:112,0
DA:113,0
DA:114,0
DA:117,0
DA:118,0
DA:121,0
DA:123,0
DA:124,0
DA:128,0
DA:130,0
DA:131,0
DA:132,0
DA:134,0
DA:135,0
DA:139,0
DA:140,0
DA:142,0
DA:143,0
DA:148,0
DA:149,0
DA:150,0
DA:151,0
DA:153,0
DA:159,0
DA:160,0
DA:161,0
DA:162,0
DA:163,0
DA:165,0
DA:169,0
DA:170,0
DA:171,0
DA:172,0
DA:173,0
DA:175,0
DA:179,0
DA:181,0
DA:258,0
LF:76
LH:0
BRDA:34,0,0,0
BRDA:58,1,0,0
BRDA:58,1,1,0
BRDA:85,2,0,0
BRDA:85,2,1,0
BRDA:96,3,0,0
BRDA:96,3,1,0
BRDA:96,4,0,0
BRDA:96,4,1,0
BRDA:109,5,0,0
BRDA:109,5,1,0
BRDA:112,6,0,0
BRDA:112,6,1,0
BRDA:123,7,0,0
BRDA:123,7,1,0
BRDA:130,8,0,0
BRDA:130,8,1,0
BRDA:155,9,0,0
BRDA:155,9,1,0
BRDA:179,10,0,0
BRDA:179,10,1,0
BRDA:187,11,0,0
BRDA:187,11,1,0
BRDA:190,12,0,0
BRDA:190,12,1,0
BRDA:230,13,0,0
BRDA:230,13,1,0
BRDA:232,14,0,0
BRDA:232,14,1,0
BRDA:238,15,0,0
BRDA:238,15,1,0
BRDA:239,16,0,0
BRDA:239,16,1,0
BRDA:240,17,0,0
BRDA:240,17,1,0
BRF:35
BRH:0
end_of_record
TN:
SF:components/ThemedAlert.tsx
FN:40,(anonymous_0)
FN:47,(anonymous_1)
FN:51,(anonymous_2)
FN:85,(anonymous_3)
FN:93,(anonymous_4)
FN:96,(anonymous_5)
FN:103,(anonymous_6)
FN:113,(anonymous_7)
FN:117,(anonymous_8)
FN:136,(anonymous_9)
FN:140,(anonymous_10)
FN:145,(anonymous_11)
FN:157,(anonymous_12)
FN:164,(anonymous_13)
FN:169,(anonymous_14)
FN:182,(anonymous_15)
FN:242,(anonymous_16)
FN:255,(anonymous_17)
FNF:18
FNH:0
FNDA:0,(anonymous_0)
FNDA:0,(anonymous_1)
FNDA:0,(anonymous_2)
FNDA:0,(anonymous_3)
FNDA:0,(anonymous_4)
FNDA:0,(anonymous_5)
FNDA:0,(anonymous_6)
FNDA:0,(anonymous_7)
FNDA:0,(anonymous_8)
FNDA:0,(anonymous_9)
FNDA:0,(anonymous_10)
FNDA:0,(anonymous_11)
FNDA:0,(anonymous_12)
FNDA:0,(anonymous_13)
FNDA:0,(anonymous_14)
FNDA:0,(anonymous_15)
FNDA:0,(anonymous_16)
FNDA:0,(anonymous_17)
DA:38,0
DA:41,0
DA:42,0
DA:44,0
DA:48,0
DA:52,0
DA:53,0
DA:56,0
DA:57,0
DA:58,0
DA:59,0
DA:61,0
DA:62,0
DA:63,0
DA:64,0
DA:69,0
DA:70,0
DA:73,0
DA:82,0
DA:86,0
DA:90,0
DA:92,0
DA:94,0
DA:97,0
DA:101,0
DA:103,0
DA:104,0
DA:105,0
DA:106,0
DA:108,0
DA:109,0
DA:110,0
DA:111,0
DA:113,0
DA:114,0
DA:117,0
DA:118,0
DA:120,0
DA:135,0
DA:136,0
DA:137,0
DA:140,0
DA:145,0
DA:146,0
DA:158,0
DA:159,0
DA:160,0
DA:164,0
DA:165,0
DA:166,0
DA:169,0
DA:170,0
DA:172,0
DA:174,0
DA:176,0
DA:178,0
DA:182,0
DA:183,0
DA:185,0
DA:187,0
DA:189,0
DA:191,0
DA:195,0
DA:196,0
DA:199,0
DA:200,0
DA:202,0
DA:243,0
DA:244,0
DA:246,0
DA:255,0
DA:292,0
LF:72
LH:0
BRDA:41,0,0,0
BRDA:41,0,1,0
BRDA:56,1,0,0
BRDA:56,1,1,0
BRDA:58,2,0,0
BRDA:58,2,1,0
BRDA:61,3,0,0
BRDA:61,3,1,0
BRDA:63,4,0,0
BRDA:63,4,1,0
BRDA:69,5,0,0
BRDA:69,5,1,0
BRDA:69,6,0,0
BRDA:69,6,1,0
BRDA:77,7,0,0
BRDA:77,7,1,0
BRDA:118,8,0,0
BRDA:118,8,1,0
BRDA:135,9,0,0
BRDA:135,9,1,0
BRDA:135,10,0,0
BRDA:135,10,1,0
BRDA:170,11,0,0
BRDA:170,11,1,0
BRDA:170,11,2,0
BRDA:170,11,3,0
BRDA:183,12,0,0
BRDA:183,12,1,0
BRDA:183,12,2,0
BRDA:183,12,3,0
BRDA:195,13,0,0
BRDA:195,13,1,0
BRDA:232,14,0,0
BRDA:232,14,1,0
BRDA:251,15,0,0
BRDA:251,15,1,0
BRDA:252,16,0,0
BRDA:252,16,1,0
BRDA:253,17,0,0
BRDA:253,17,1,0
BRDA:262,18,0,0
BRDA:262,18,1,0
BRDA:262,19,0,0
BRDA:262,19,1,0
BRDA:263,20,0,0
BRDA:263,20,1,0
BRDA:275,21,0,0
BRDA:275,21,1,0
BRDA:275,21,2,0
BRF:49
BRH:0
end_of_record
TN:
SF:components/ThemedPressable.tsx
FN:11,ThemedPressable
FN:21,(anonymous_1)
FNF:2
FNH:0
FNDA:0,ThemedPressable
FNDA:0,(anonymous_1)
DA:17,0
DA:19,0
DA:21,0
LF:3
LH:0
BRDA:23,0,0,0
BRDA:23,0,1,0
BRDA:24,1,0,0
BRDA:24,1,1,0
BRF:4
BRH:0
end_of_record
TN:
SF:components/ThemedText.tsx
FN:11,ThemedText
FNF:1
FNH:0
FNDA:0,ThemedText
DA:18,0
DA:20,0
DA:36,0
LF:3
LH:0
BRDA:15,0,0,0
BRDA:24,1,0,0
BRDA:24,1,1,0
BRDA:25,2,0,0
BRDA:25,2,1,0
BRDA:26,3,0,0
BRDA:26,3,1,0
BRDA:27,4,0,0
BRDA:27,4,1,0
BRDA:28,5,0,0
BRDA:28,5,1,0
BRF:11
BRH:0
end_of_record
TN:
SF:components/ThemedView.tsx
FN:10,ThemedView
FNF:1
FNH:0
FNDA:0,ThemedView
DA:11,0
DA:13,0
LF:2
LH:0
BRF:0
BRH:0
end_of_record
TN:
SF:components/battery/BatteryIndicator.tsx
FN:16,(anonymous_0)
FN:26,(anonymous_1)
FNF:2
FNH:0
FNDA:0,(anonymous_0)
FNDA:0,(anonymous_1)
DA:16,0
DA:23,0
DA:26,0
DA:27,0
DA:28,0
DA:29,0
DA:33,0
DA:39,0
DA:40,0
DA:42,0
DA:95,0
LF:11
LH:0
BRDA:19,0,0,0
BRDA:20,1,0,0
BRDA:23,2,0,0
BRDA:23,2,1,0
BRDA:27,3,0,0
BRDA:27,3,1,0
BRDA:28,4,0,0
BRDA:28,4,1,0
BRDA:40,5,0,0
BRDA:40,5,1,0
BRDA:40,6,0,0
BRDA:40,6,1,0
BRDA:80,7,0,0
BRDA:80,7,1,0
BRDA:82,8,0,0
BRDA:82,8,1,0
BRF:16
BRH:0
end_of_record
TN:
SF:components/common/DatabaseDebugger.tsx
FN:11,(anonymous_0)
FN:18,(anonymous_1)
FN:45,(anonymous_2)
FN:50,(anonymous_3)
FN:67,(anonymous_4)
FN:82,(anonymous_5)
FN:117,(anonymous_6)
FN:132,(anonymous_7)
FNF:8
FNH:0
FNDA:0,(anonymous_0)
FNDA:0,(anonymous_1)
FNDA:0,(anonymous_2)
FNDA:0,(anonymous_3)
FNDA:0,(anonymous_4)
FNDA:0,(anonymous_5)
FNDA:0,(anonymous_6)
FNDA:0,(anonymous_7)
DA:11,0
DA:12,0
DA:13,0
DA:14,0
DA:15,0
DA:18,0
DA:19,0
DA:21,0
DA:23,0
DA:24,0
DA:25,0
DA:29,0
DA:30,0
DA:32,0
DA:33,0
DA:35,0
DA:38,0
DA:40,0
DA:45,0
DA:46,0
DA:50,0
DA:51,0
DA:52,0
DA:53,0
DA:54,0
DA:57,0
DA:59,0
DA:63,0
DA:64,0
DA:67,0
DA:76,0
DA:82,0
DA:118,0
DA:133,0
DA:147,0
LF:35
LH:0
BRDA:24,0,0,0
BRDA:24,0,1,0
BRDA:25,1,0,0
BRDA:25,1,1,0
BRDA:32,2,0,0
BRDA:32,2,1,0
BRDA:32,3,0,0
BRDA:32,3,1,0
BRDA:32,3,2,0
BRDA:33,4,0,0
BRDA:33,4,1,0
BRDA:63,5,0,0
BRDA:63,5,1,0
BRDA:114,6,0,0
BRDA:114,6,1,0
BRDA:118,7,0,0
BRDA:118,7,1,0
BRDA:122,8,0,0
BRDA:122,8,1,0
BRDA:129,9,0,0
BRDA:129,9,1,0
BRDA:133,10,0,0
BRDA:133,10,1,0
BRDA:137,11,0,0
BRDA:137,11,1,0
BRF:25
BRH:0
end_of_record
TN:
SF:components/common/DatabaseViewer.tsx
FN:24,(anonymous_0)
FN:29,(anonymous_1)
FN:30,(anonymous_2)
FN:64,(anonymous_3)
FN:67,(anonymous_4)
FN:89,(anonymous_5)
FN:91,(anonymous_6)
FNF:7
FNH:0
FNDA:0,(anonymous_0)
FNDA:0,(anonymous_1)
FNDA:0,(anonymous_2)
FNDA:0,(anonymous_3)
FNDA:0,(anonymous_4)
FNDA:0,(anonymous_5)
FNDA:0,(anonymous_6)
DA:11,0
DA:24,0
DA:25,0
DA:26,0
DA:27,0
DA:29,0
DA:30,0
DA:31,0
DA:32,0
DA:33,0
DA:36,0
DA:37,0
DA:39,0
DA:40,0
DA:41,0
DA:43,0
DA:45,0
DA:49,0
DA:52,0
DA:65,0
DA:67,0
DA:90,0
DA:92,0
DA:110,0
LF:24
LH:0
BRDA:31,0,0,0
BRDA:31,0,1,0
BRDA:43,1,0,0
BRDA:43,1,1,0
BRDA:67,2,0,0
BRDA:67,2,1,0
BRDA:70,3,0,0
BRDA:70,3,1,0
BRDA:79,4,0,0
BRDA:79,4,1,0
BRDA:83,5,0,0
BRDA:83,5,1,0
BRDA:95,6,0,0
BRDA:95,6,1,0
BRDA:101,7,0,0
BRDA:101,7,1,0
BRDA:101,7,2,0
BRF:17
BRH:0
end_of_record
TN:
SF:components/ePickup/BatchSelectionModal.tsx
FN:19,(anonymous_0)
FNF:1
FNH:0
FNDA:0,(anonymous_0)
DA:19,0
DA:25,0
DA:67,0
LF:3
LH:0
BRF:0
BRH:0
end_of_record
TN:
SF:components/ePickup/FacilitySelector.tsx
FN:24,(anonymous_0)
FN:34,(anonymous_1)
FN:56,(anonymous_2)
FN:60,(anonymous_3)
FN:65,(anonymous_4)
FN:71,(anonymous_5)
FN:90,(anonymous_6)
FN:123,(anonymous_7)
FN:130,(anonymous_8)
FN:144,(anonymous_9)
FNF:10
FNH:0
FNDA:0,(anonymous_0)
FNDA:0,(anonymous_1)
FNDA:0,(anonymous_2)
FNDA:0,(anonymous_3)
FNDA:0,(anonymous_4)
FNDA:0,(anonymous_5)
FNDA:0,(anonymous_6)
FNDA:0,(anonymous_7)
FNDA:0,(anonymous_8)
FNDA:0,(anonymous_9)
DA:24,0
DA:29,0
DA:30,0
DA:31,0
DA:34,0
DA:35,0
DA:36,0
DA:38,0
DA:39,0
DA:40,0
DA:42,0
DA:43,0
DA:44,0
DA:45,0
DA:47,0
DA:50,0
DA:52,0
DA:56,0
DA:57,0
DA:60,0
DA:61,0
DA:62,0
DA:65,0
DA:66,0
DA:71,0
DA:84,0
DA:90,0
DA:123,0
DA:130,0
DA:144,0
DA:161,0
LF:31
LH:0
BRDA:27,0,0,0
BRDA:44,1,0,0
BRDA:44,1,1,0
BRDA:69,2,0,0
BRDA:69,2,1,0
BRDA:75,3,0,0
BRDA:75,3,1,0
BRDA:76,4,0,0
BRDA:76,4,1,0
BRDA:78,5,0,0
BRDA:78,5,1,0
BRDA:89,6,0,0
BRDA:89,6,1,0
BRDA:90,7,0,0
BRDA:90,7,1,0
BRDA:95,8,0,0
BRDA:95,8,1,0
BRDA:96,9,0,0
BRDA:96,9,1,0
BRDA:102,10,0,0
BRDA:102,10,1,0
BRDA:106,11,0,0
BRDA:106,11,1,0
BRDA:111,12,0,0
BRDA:111,12,1,0
BRDA:136,13,0,0
BRDA:136,13,1,0
BRF:27
BRH:0
end_of_record
TN:
SF:components/ui/IconSymbol.ios.tsx
FN:4,IconSymbol
FNF:1
FNH:0
FNDA:0,IconSymbol
DA:17,0
LF:1
LH:0
BRDA:6,0,0,0
BRDA:9,1,0,0
BRF:2
BRH:0
end_of_record
TN:
SF:components/ui/IconSymbol.tsx
FN:30,IconSymbol
FNF:1
FNH:0
FNDA:0,IconSymbol
DA:9,0
DA:42,0
LF:2
LH:0
BRDA:32,0,0,0
BRF:1
BRH:0
end_of_record
TN:
SF:components/ui/TabBarBackground.ios.tsx
FN:6,BlurTabBarBackground
FN:18,useBottomTabOverflow
FNF:2
FNH:0
FNDA:0,BlurTabBarBackground
FNDA:0,useBottomTabOverflow
DA:7,0
DA:19,0
DA:20,0
DA:21,0
LF:4
LH:0
BRF:0
BRH:0
end_of_record
TN:
SF:components/ui/TabBarBackground.tsx
FN:4,useBottomTabOverflow
FNF:1
FNH:0
FNDA:0,useBottomTabOverflow
DA:5,0
LF:1
LH:0
BRF:0
BRH:0
end_of_record
TN:
SF:constants/Colors.ts
FNF:0
FNH:0
DA:6,0
DA:7,0
DA:9,0
LF:3
LH:0
BRF:0
BRH:0
end_of_record
TN:
SF:constants/api.ts
FNF:0
FNH:0
LF:0
LH:0
BRF:0
BRH:0
end_of_record
TN:
SF:constants/fonts.ts
FNF:0
FNH:0
LF:0
LH:0
BRF:0
BRH:0
end_of_record
TN:
SF:constants/layout.ts
FNF:0
FNH:0
LF:0
LH:0
BRF:0
BRH:0
end_of_record
TN:
SF:context/PackageContext.tsx
FN:13,(anonymous_0)
FN:16,(anonymous_1)
FN:17,(anonymous_2)
FN:20,(anonymous_3)
FN:21,(anonymous_4)
FN:21,(anonymous_5)
FN:24,(anonymous_6)
FN:35,(anonymous_7)
FNF:8
FNH:0
FNDA:0,(anonymous_0)
FNDA:0,(anonymous_1)
FNDA:0,(anonymous_2)
FNDA:0,(anonymous_3)
FNDA:0,(anonymous_4)
FNDA:0,(anonymous_5)
FNDA:0,(anonymous_6)
FNDA:0,(anonymous_7)
DA:11,0
DA:13,0
DA:14,0
DA:16,0
DA:17,0
DA:20,0
DA:21,0
DA:24,0
DA:25,0
DA:28,0
DA:35,0
DA:36,0
DA:37,0
DA:38,0
DA:40,0
LF:15
LH:0
BRDA:37,0,0,0
BRDA:37,0,1,0
BRF:2
BRH:0
end_of_record
TN:
SF:hooks/useBattery.ts
FN:24,(anonymous_0)
FN:33,(anonymous_1)
FN:38,(anonymous_2)
FN:69,(anonymous_3)
FN:71,(anonymous_4)
FN:72,(anonymous_5)
FN:83,(anonymous_6)
FN:85,(anonymous_7)
FN:86,(anonymous_8)
FN:97,(anonymous_9)
FN:100,(anonymous_10)
FN:111,(anonymous_11)
FN:112,(anonymous_12)
FN:128,(anonymous_13)
FN:133,(anonymous_14)
FNF:15
FNH:0
FNDA:0,(anonymous_0)
FNDA:0,(anonymous_1)
FNDA:0,(anonymous_2)
FNDA:0,(anonymous_3)
FNDA:0,(anonymous_4)
FNDA:0,(anonymous_5)
FNDA:0,(anonymous_6)
FNDA:0,(anonymous_7)
FNDA:0,(anonymous_8)
FNDA:0,(anonymous_9)
FNDA:0,(anonymous_10)
FNDA:0,(anonymous_11)
FNDA:0,(anonymous_12)
FNDA:0,(anonymous_13)
FNDA:0,(anonymous_14)
DA:24,0
DA:25,0
DA:33,0
DA:34,0
DA:35,0
DA:36,0
DA:38,0
DA:39,0
DA:41,0
DA:44,0
DA:47,0
DA:48,0
DA:49,0
DA:52,0
DA:55,0
DA:64,0
DA:69,0
DA:71,0
DA:72,0
DA:73,0
DA:74,0
DA:83,0
DA:85,0
DA:86,0
DA:87,0
DA:88,0
DA:98,0
DA:100,0
DA:110,0
DA:111,0
DA:112,0
DA:119,0
DA:124,0
DA:125,0
DA:128,0
DA:129,0
DA:133,0
DA:134,0
DA:135,0
DA:136,0
DA:137,0
DA:141,0
LF:42
LH:0
BRDA:57,0,0,0
BRDA:57,0,1,0
BRDA:58,1,0,0
BRDA:58,1,1,0
BRDA:73,2,0,0
BRDA:73,2,1,0
BRDA:77,3,0,0
BRDA:77,3,1,0
BRDA:87,4,0,0
BRDA:87,4,1,0
BRDA:91,5,0,0
BRDA:91,5,1,0
BRDA:92,6,0,0
BRDA:92,6,1,0
BRDA:102,7,0,0
BRDA:102,7,1,0
BRDA:134,8,0,0
BRDA:134,8,1,0
BRDA:135,9,0,0
BRDA:135,9,1,0
BRDA:136,10,0,0
BRDA:136,10,1,0
BRF:22
BRH:0
end_of_record
TN:
SF:hooks/useColorScheme.ts
FNF:0
FNH:0
LF:0
LH:0
BRF:0
BRH:0
end_of_record
TN:
SF:hooks/useColorScheme.web.ts
FN:7,useColorScheme
FN:10,(anonymous_1)
FNF:2
FNH:0
FNDA:0,useColorScheme
FNDA:0,(anonymous_1)
DA:8,0
DA:10,0
DA:11,0
DA:14,0
DA:16,0
DA:17,0
DA:20,0
LF:7
LH:0
BRDA:16,0,0,0
BRDA:16,0,1,0
BRF:2
BRH:0
end_of_record
TN:
SF:hooks/useCurrentLocation.ts
FN:22,(anonymous_0)
FN:27,(anonymous_1)
FN:31,(anonymous_2)
FN:47,(anonymous_3)
FN:90,(anonymous_4)
FN:91,(anonymous_5)
FN:100,(anonymous_6)
FN:106,(anonymous_7)
FNF:8
FNH:0
FNDA:0,(anonymous_0)
FNDA:0,(anonymous_1)
FNDA:0,(anonymous_2)
FNDA:0,(anonymous_3)
FNDA:0,(anonymous_4)
FNDA:0,(anonymous_5)
FNDA:0,(anonymous_6)
FNDA:0,(anonymous_7)
DA:22,0
DA:23,0
DA:24,0
DA:25,0
DA:27,0
DA:28,0
DA:31,0
DA:32,0
DA:33,0
DA:34,0
DA:35,0
DA:36,0
DA:38,0
DA:39,0
DA:41,0
DA:42,0
DA:43,0
DA:47,0
DA:48,0
DA:49,0
DA:50,0
DA:53,0
DA:54,0
DA:55,0
DA:56,0
DA:59,0
DA:60,0
DA:61,0
DA:64,0
DA:70,0
DA:77,0
DA:78,0
DA:80,0
DA:81,0
DA:82,0
DA:83,0
DA:85,0
DA:90,0
DA:91,0
DA:92,0
DA:94,0
DA:98,0
DA:100,0
DA:101,0
DA:106,0
DA:107,0
DA:110,0
LF:47
LH:0
BRDA:34,0,0,0
BRDA:34,0,1,0
BRDA:54,1,0,0
BRDA:54,1,1,0
BRDA:60,2,0,0
BRDA:60,2,1,0
BRDA:73,3,0,0
BRDA:73,3,1,0
BRDA:92,4,0,0
BRDA:92,4,1,0
BRDA:92,5,0,0
BRDA:92,5,1,0
BRDA:92,5,2,0
BRF:13
BRH:0
end_of_record
TN:
SF:hooks/useDeliveries.ts
FNF:0
FNH:0
LF:0
LH:0
BRF:0
BRH:0
end_of_record
TN:
SF:hooks/useGeofence.ts
FNF:0
FNH:0
LF:0
LH:0
BRF:0
BRH:0
end_of_record
TN:
SF:hooks/useLocation.ts
FNF:0
FNH:0
LF:0
LH:0
BRF:0
BRH:0
end_of_record
TN:
SF:hooks/useOfflineSync.ts
FN:29,(anonymous_0)
FN:51,(anonymous_1)
FN:54,(anonymous_2)
FN:64,(anonymous_3)
FN:67,(anonymous_4)
FN:79,(anonymous_5)
FN:81,(anonymous_6)
FN:86,(anonymous_7)
FN:100,(anonymous_8)
FN:156,(anonymous_9)
FN:168,(anonymous_10)
FN:178,(anonymous_11)
FN:194,(anonymous_12)
FN:202,(anonymous_13)
FN:214,(anonymous_14)
FN:220,(anonymous_15)
FN:237,(anonymous_16)
FN:250,(anonymous_17)
FN:261,(anonymous_18)
FN:278,(anonymous_19)
FN:281,(anonymous_20)
FN:295,(anonymous_21)
FN:299,(anonymous_22)
FN:306,(anonymous_23)
FN:312,(anonymous_24)
FN:315,(anonymous_25)
FN:321,(anonymous_26)
FNF:27
FNH:0
FNDA:0,(anonymous_0)
FNDA:0,(anonymous_1)
FNDA:0,(anonymous_2)
FNDA:0,(anonymous_3)
FNDA:0,(anonymous_4)
FNDA:0,(anonymous_5)
FNDA:0,(anonymous_6)
FNDA:0,(anonymous_7)
FNDA:0,(anonymous_8)
FNDA:0,(anonymous_9)
FNDA:0,(anonymous_10)
FNDA:0,(anonymous_11)
FNDA:0,(anonymous_12)
FNDA:0,(anonymous_13)
FNDA:0,(anonymous_14)
FNDA:0,(anonymous_15)
FNDA:0,(anonymous_16)
FNDA:0,(anonymous_17)
FNDA:0,(anonymous_18)
FNDA:0,(anonymous_19)
FNDA:0,(anonymous_20)
FNDA:0,(anonymous_21)
FNDA:0,(anonymous_22)
FNDA:0,(anonymous_23)
FNDA:0,(anonymous_24)
FNDA:0,(anonymous_25)
FNDA:0,(anonymous_26)
DA:29,0
DA:36,0
DA:37,0
DA:51,0
DA:52,0
DA:53,0
DA:54,0
DA:59,0
DA:64,0
DA:65,0
DA:66,0
DA:67,0
DA:71,0
DA:73,0
DA:74,0
DA:79,0
DA:80,0
DA:81,0
DA:83,0
DA:85,0
DA:86,0
DA:96,0
DA:100,0
DA:110,0
DA:111,0
DA:113,0
DA:117,0
DA:120,0
DA:124,0
DA:127,0
DA:131,0
DA:134,0
DA:135,0
DA:138,0
DA:139,0
DA:142,0
DA:143,0
DA:146,0
DA:147,0
DA:149,0
DA:152,0
DA:156,0
DA:166,0
DA:168,0
DA:175,0
DA:177,0
DA:178,0
DA:188,0
DA:189,0
DA:194,0
DA:195,0
DA:196,0
DA:198,0
DA:200,0
DA:201,0
DA:202,0
DA:206,0
DA:207,0
DA:209,0
DA:210,0
DA:211,0
DA:214,0
DA:217,0
DA:220,0
DA:230,0
DA:231,0
DA:232,0
DA:233,0
DA:234,0
DA:237,0
DA:247,0
DA:249,0
DA:250,0
DA:257,0
DA:258,0
DA:260,0
DA:261,0
DA:271,0
DA:272,0
DA:277,0
DA:279,0
DA:281,0
DA:287,0
DA:288,0
DA:295,0
DA:296,0
DA:299,0
DA:300,0
DA:301,0
DA:304,0
DA:306,0
DA:307,0
DA:312,0
DA:313,0
DA:315,0
DA:316,0
DA:317,0
DA:321,0
DA:322,0
DA:326,0
LF:100
LH:0
BRDA:29,0,0,0
BRDA:30,1,0,0
BRDA:31,2,0,0
BRDA:85,3,0,0
BRDA:85,3,1,0
BRDA:111,4,0,0
BRDA:111,4,1,0
BRDA:111,4,2,0
BRDA:111,4,3,0
BRDA:111,4,4,0
BRDA:111,4,5,0
BRDA:111,4,6,0
BRDA:111,4,7,0
BRDA:146,5,0,0
BRDA:146,5,1,0
BRDA:161,6,0,0
BRDA:161,6,1,0
BRDA:177,7,0,0
BRDA:177,7,1,0
BRDA:200,8,0,0
BRDA:200,8,1,0
BRDA:210,9,0,0
BRDA:210,9,1,0
BRDA:234,10,0,0
BRDA:234,10,1,0
BRDA:249,11,0,0
BRDA:249,11,1,0
BRDA:260,12,0,0
BRDA:260,12,1,0
BRDA:287,13,0,0
BRDA:287,13,1,0
BRDA:287,14,0,0
BRDA:287,14,1,0
BRDA:287,14,2,0
BRDA:313,15,0,0
BRDA:313,15,1,0
BRDA:316,16,0,0
BRDA:316,16,1,0
BRDA:316,17,0,0
BRDA:316,17,1,0
BRF:40
BRH:0
end_of_record
TN:
SF:hooks/usePickupScanner.ts
FN:27,(anonymous_0)
FN:43,(anonymous_1)
FN:88,(anonymous_2)
FN:89,(anonymous_3)
FN:118,(anonymous_4)
FN:122,(anonymous_5)
FN:126,(anonymous_6)
FN:131,(anonymous_7)
FN:132,(anonymous_8)
FN:152,(anonymous_9)
FN:153,(anonymous_10)
FN:168,(anonymous_11)
FN:188,(anonymous_12)
FN:189,(anonymous_13)
FN:203,(anonymous_14)
FN:266,(anonymous_15)
FN:295,(anonymous_16)
FN:296,(anonymous_17)
FN:304,(anonymous_18)
FN:367,(anonymous_19)
FN:399,(anonymous_20)
FN:478,(anonymous_21)
FN:506,(anonymous_22)
FN:514,(anonymous_23)
FN:533,(anonymous_24)
FN:585,(anonymous_25)
FN:591,(anonymous_26)
FN:676,(anonymous_27)
FN:684,(anonymous_28)
FN:695,(anonymous_29)
FN:702,(anonymous_30)
FN:737,(anonymous_31)
FN:739,(anonymous_32)
FN:748,(anonymous_33)
FN:748,(anonymous_34)
FNF:35
FNH:0
FNDA:0,(anonymous_0)
FNDA:0,(anonymous_1)
FNDA:0,(anonymous_2)
FNDA:0,(anonymous_3)
FNDA:0,(anonymous_4)
FNDA:0,(anonymous_5)
FNDA:0,(anonymous_6)
FNDA:0,(anonymous_7)
FNDA:0,(anonymous_8)
FNDA:0,(anonymous_9)
FNDA:0,(anonymous_10)
FNDA:0,(anonymous_11)
FNDA:0,(anonymous_12)
FNDA:0,(anonymous_13)
FNDA:0,(anonymous_14)
FNDA:0,(anonymous_15)
FNDA:0,(anonymous_16)
FNDA:0,(anonymous_17)
FNDA:0,(anonymous_18)
FNDA:0,(anonymous_19)
FNDA:0,(anonymous_20)
FNDA:0,(anonymous_21)
FNDA:0,(anonymous_22)
FNDA:0,(anonymous_23)
FNDA:0,(anonymous_24)
FNDA:0,(anonymous_25)
FNDA:0,(anonymous_26)
FNDA:0,(anonymous_27)
FNDA:0,(anonymous_28)
FNDA:0,(anonymous_29)
FNDA:0,(anonymous_30)
FNDA:0,(anonymous_31)
FNDA:0,(anonymous_32)
FNDA:0,(anonymous_33)
FNDA:0,(anonymous_34)
DA:27,0
DA:43,0
DA:55,0
DA:56,0
DA:59,0
DA:60,0
DA:61,0
DA:62,0
DA:63,0
DA:64,0
DA:65,0
DA:68,0
DA:69,0
DA:70,0
DA:71,0
DA:74,0
DA:77,0
DA:79,0
DA:82,0
DA:83,0
DA:84,0
DA:85,0
DA:88,0
DA:89,0
DA:90,0
DA:91,0
DA:92,0
DA:94,0
DA:95,0
DA:96,0
DA:97,0
DA:98,0
DA:105,0
DA:109,0
DA:110,0
DA:114,0
DA:118,0
DA:119,0
DA:122,0
DA:123,0
DA:126,0
DA:127,0
DA:131,0
DA:132,0
DA:133,0
DA:134,0
DA:137,0
DA:138,0
DA:139,0
DA:140,0
DA:142,0
DA:143,0
DA:148,0
DA:152,0
DA:153,0
DA:155,0
DA:156,0
DA:157,0
DA:160,0
DA:161,0
DA:162,0
DA:163,0
DA:164,0
DA:167,0
DA:168,0
DA:169,0
DA:170,0
DA:171,0
DA:174,0
DA:175,0
DA:176,0
DA:180,0
DA:184,0
DA:188,0
DA:189,0
DA:190,0
DA:191,0
DA:197,0
DA:203,0
DA:204,0
DA:205,0
DA:208,0
DA:209,0
DA:210,0
DA:211,0
DA:212,0
DA:215,0
DA:216,0
DA:217,0
DA:219,0
DA:221,0
DA:231,0
DA:233,0
DA:235,0
DA:237,0
DA:238,0
DA:245,0
DA:246,0
DA:247,0
DA:249,0
DA:252,0
DA:253,0
DA:254,0
DA:266,0
DA:267,0
DA:270,0
DA:271,0
DA:272,0
DA:273,0
DA:277,0
DA:278,0
DA:279,0
DA:283,0
DA:284,0
DA:285,0
DA:286,0
DA:290,0
DA:291,0
DA:295,0
DA:296,0
DA:297,0
DA:298,0
DA:299,0
DA:304,0
DA:306,0
DA:307,0
DA:308,0
DA:312,0
DA:313,0
DA:314,0
DA:318,0
DA:319,0
DA:320,0
DA:321,0
DA:322,0
DA:325,0
DA:326,0
DA:329,0
DA:331,0
DA:332,0
DA:334,0
DA:335,0
DA:339,0
DA:340,0
DA:341,0
DA:343,0
DA:344,0
DA:347,0
DA:348,0
DA:349,0
DA:350,0
DA:353,0
DA:356,0
DA:358,0
DA:359,0
DA:360,0
DA:361,0
DA:362,0
DA:363,0
DA:367,0
DA:368,0
DA:369,0
DA:370,0
DA:371,0
DA:372,0
DA:376,0
DA:380,0
DA:381,0
DA:382,0
DA:383,0
DA:384,0
DA:385,0
DA:388,0
DA:391,0
DA:392,0
DA:399,0
DA:403,0
DA:407,0
DA:408,0
DA:409,0
DA:410,0
DA:411,0
DA:412,0
DA:417,0
DA:420,0
DA:421,0
DA:422,0
DA:423,0
DA:425,0
DA:437,0
DA:439,0
DA:440,0
DA:443,0
DA:456,0
DA:457,0
DA:463,0
DA:465,0
DA:478,0
DA:479,0
DA:481,0
DA:484,0
DA:485,0
DA:488,0
DA:490,0
DA:491,0
DA:495,0
DA:496,0
DA:497,0
DA:499,0
DA:500,0
DA:503,0
DA:504,0
DA:506,0
DA:507,0
DA:514,0
DA:516,0
DA:517,0
DA:518,0
DA:521,0
DA:524,0
DA:525,0
DA:529,0
DA:533,0
DA:534,0
DA:537,0
DA:538,0
DA:539,0
DA:543,0
DA:544,0
DA:547,0
DA:548,0
DA:549,0
DA:550,0
DA:551,0
DA:552,0
DA:556,0
DA:557,0
DA:558,0
DA:559,0
DA:560,0
DA:565,0
DA:566,0
DA:567,0
DA:568,0
DA:569,0
DA:570,0
DA:572,0
DA:575,0
DA:576,0
DA:579,0
DA:580,0
DA:585,0
DA:586,0
DA:587,0
DA:591,0
DA:592,0
DA:593,0
DA:596,0
DA:597,0
DA:598,0
DA:599,0
DA:602,0
DA:603,0
DA:604,0
DA:606,0
DA:609,0
DA:610,0
DA:611,0
DA:614,0
DA:615,0
DA:616,0
DA:620,0
DA:622,0
DA:624,0
DA:625,0
DA:626,0
DA:627,0
DA:631,0
DA:632,0
DA:633,0
DA:634,0
DA:638,0
DA:643,0
DA:644,0
DA:645,0
DA:646,0
DA:647,0
DA:648,0
DA:651,0
DA:655,0
DA:658,0
DA:659,0
DA:667,0
DA:668,0
DA:669,0
DA:676,0
DA:684,0
DA:685,0
DA:686,0
DA:689,0
DA:690,0
DA:695,0
DA:696,0
DA:697,0
DA:702,0
DA:703,0
DA:704,0
DA:705,0
DA:708,0
DA:710,0
DA:716,0
DA:717,0
DA:721,0
DA:722,0
DA:728,0
DA:730,0
DA:731,0
DA:732,0
DA:737,0
DA:739,0
DA:741,0
DA:743,0
DA:744,0
DA:748,0
DA:751,0
LF:325
LH:0
BRDA:48,0,0,0
BRDA:49,1,0,0
BRDA:50,2,0,0
BRDA:51,3,0,0
BRDA:94,4,0,0
BRDA:94,4,1,0
BRDA:119,5,0,0
BRDA:119,5,1,0
BRDA:133,6,0,0
BRDA:133,6,1,0
BRDA:137,7,0,0
BRDA:137,7,1,0
BRDA:155,8,0,0
BRDA:155,8,1,0
BRDA:163,9,0,0
BRDA:163,9,1,0
BRDA:163,10,0,0
BRDA:163,10,1,0
BRDA:174,11,0,0
BRDA:174,11,1,0
BRDA:190,12,0,0
BRDA:190,12,1,0
BRDA:208,13,0,0
BRDA:208,13,1,0
BRDA:208,14,0,0
BRDA:208,14,1,0
BRDA:225,15,0,0
BRDA:225,15,1,0
BRDA:237,16,0,0
BRDA:237,16,1,0
BRDA:237,17,0,0
BRDA:237,17,1,0
BRDA:249,18,0,0
BRDA:249,18,1,0
BRDA:270,19,0,0
BRDA:270,19,1,0
BRDA:277,20,0,0
BRDA:277,20,1,0
BRDA:283,21,0,0
BRDA:283,21,1,0
BRDA:297,22,0,0
BRDA:297,22,1,0
BRDA:306,23,0,0
BRDA:306,23,1,0
BRDA:312,24,0,0
BRDA:312,24,1,0
BRDA:318,25,0,0
BRDA:318,25,1,0
BRDA:321,26,0,0
BRDA:321,26,1,0
BRDA:343,27,0,0
BRDA:343,27,1,0
BRDA:343,28,0,0
BRDA:343,28,1,0
BRDA:343,28,2,0
BRDA:356,29,0,0
BRDA:356,29,1,0
BRDA:358,30,0,0
BRDA:358,30,1,0
BRDA:362,31,0,0
BRDA:362,31,1,0
BRDA:367,32,0,0
BRDA:367,32,1,0
BRDA:371,33,0,0
BRDA:371,33,1,0
BRDA:383,34,0,0
BRDA:383,34,1,0
BRDA:383,35,0,0
BRDA:383,35,1,0
BRDA:391,36,0,0
BRDA:391,36,1,0
BRDA:391,37,0,0
BRDA:391,37,1,0
BRDA:408,38,0,0
BRDA:408,38,1,0
BRDA:411,39,0,0
BRDA:411,39,1,0
BRDA:420,40,0,0
BRDA:420,40,1,0
BRDA:439,41,0,0
BRDA:439,41,1,0
BRDA:484,42,0,0
BRDA:484,42,1,0
BRDA:491,43,0,0
BRDA:491,43,1,0
BRDA:496,44,0,0
BRDA:496,44,1,0
BRDA:503,45,0,0
BRDA:503,45,1,0
BRDA:516,46,0,0
BRDA:516,46,1,0
BRDA:516,47,0,0
BRDA:516,47,1,0
BRDA:524,48,0,0
BRDA:524,48,1,0
BRDA:534,49,0,0
BRDA:534,49,1,0
BRDA:537,50,0,0
BRDA:537,50,1,0
BRDA:547,51,0,0
BRDA:547,51,1,0
BRDA:547,52,0,0
BRDA:547,52,1,0
BRDA:549,53,0,0
BRDA:549,53,1,0
BRDA:556,54,0,0
BRDA:556,54,1,0
BRDA:558,55,0,0
BRDA:558,55,1,0
BRDA:565,56,0,0
BRDA:565,56,1,0
BRDA:568,57,0,0
BRDA:568,57,1,0
BRDA:615,58,0,0
BRDA:615,58,1,0
BRDA:622,59,0,0
BRDA:622,59,1,0
BRDA:622,60,0,0
BRDA:622,60,1,0
BRDA:626,61,0,0
BRDA:626,61,1,0
BRDA:633,62,0,0
BRDA:633,62,1,0
BRDA:643,63,0,0
BRDA:643,63,1,0
BRDA:647,64,0,0
BRDA:647,64,1,0
BRDA:658,65,0,0
BRDA:658,65,1,0
BRDA:689,66,0,0
BRDA:689,66,1,0
BRDA:689,67,0,0
BRDA:689,67,1,0
BRDA:696,68,0,0
BRDA:696,68,1,0
BRDA:703,69,0,0
BRDA:703,69,1,0
BRDA:716,70,0,0
BRDA:716,70,1,0
BRDA:741,71,0,0
BRDA:741,71,1,0
BRDA:741,72,0,0
BRDA:741,72,1,0
BRF:143
BRH:0
end_of_record
TN:
SF:hooks/useScanner.ts
FN:29,(anonymous_0)
FN:47,(anonymous_1)
FN:48,(anonymous_2)
FN:65,(anonymous_3)
FN:94,(anonymous_4)
FN:113,(anonymous_5)
FN:123,(anonymous_6)
FN:127,(anonymous_7)
FNF:8
FNH:0
FNDA:0,(anonymous_0)
FNDA:0,(anonymous_1)
FNDA:0,(anonymous_2)
FNDA:0,(anonymous_3)
FNDA:0,(anonymous_4)
FNDA:0,(anonymous_5)
FNDA:0,(anonymous_6)
FNDA:0,(anonymous_7)
DA:29,0
DA:37,0
DA:38,0
DA:39,0
DA:40,0
DA:41,0
DA:43,0
DA:44,0
DA:47,0
DA:48,0
DA:49,0
DA:50,0
DA:51,0
DA:52,0
DA:53,0
DA:56,0
DA:57,0
DA:61,0
DA:65,0
DA:66,0
DA:69,0
DA:70,0
DA:74,0
DA:76,0
DA:77,0
DA:81,0
DA:82,0
DA:86,0
DA:94,0
DA:97,0
DA:98,0
DA:101,0
DA:102,0
DA:103,0
DA:107,0
DA:108,0
DA:113,0
DA:114,0
DA:115,0
DA:116,0
DA:117,0
DA:119,0
DA:123,0
DA:124,0
DA:127,0
DA:128,0
DA:129,0
DA:130,0
DA:131,0
DA:135,0
DA:139,0
LF:51
LH:0
BRDA:29,0,0,0
BRDA:31,1,0,0
BRDA:32,2,0,0
BRDA:33,3,0,0
BRDA:34,4,0,0
BRDA:35,5,0,0
BRDA:52,6,0,0
BRDA:52,6,1,0
BRDA:69,7,0,0
BRDA:69,7,1,0
BRDA:74,8,0,0
BRDA:74,8,1,0
BRDA:74,9,0,0
BRDA:74,9,1,0
BRDA:81,10,0,0
BRDA:81,10,1,0
BRDA:101,11,0,0
BRDA:101,11,1,0
BRDA:107,12,0,0
BRDA:107,12,1,0
BRDA:114,13,0,0
BRDA:114,13,1,0
BRF:22
BRH:0
end_of_record
TN:
SF:hooks/useThemeColor.ts
FN:9,useThemeColor
FNF:1
FNH:0
FNDA:0,useThemeColor
DA:13,0
DA:14,0
DA:16,0
DA:17,0
DA:19,0
LF:5
LH:0
BRDA:13,0,0,0
BRDA:13,0,1,0
BRDA:16,1,0,0
BRDA:16,1,1,0
BRF:4
BRH:0
end_of_record
TN:
SF:redux/selectors.ts
FN:4,(anonymous_0)
FN:5,(anonymous_1)
FN:6,(anonymous_2)
FN:7,(anonymous_3)
FN:8,(anonymous_4)
FN:9,(anonymous_5)
FN:12,(anonymous_6)
FN:15,(anonymous_7)
FN:18,(anonymous_8)
FNF:9
FNH:0
FNDA:0,(anonymous_0)
FNDA:0,(anonymous_1)
FNDA:0,(anonymous_2)
FNDA:0,(anonymous_3)
FNDA:0,(anonymous_4)
FNDA:0,(anonymous_5)
FNDA:0,(anonymous_6)
FNDA:0,(anonymous_7)
FNDA:0,(anonymous_8)
DA:4,0
DA:5,0
DA:6,0
DA:7,0
DA:8,0
DA:9,0
DA:12,0
DA:15,0
DA:18,0
LF:9
LH:0
BRF:0
BRH:0
end_of_record
TN:
SF:redux/store.ts
FN:14,(anonymous_0)
FNF:1
FNH:0
FNDA:0,(anonymous_0)
DA:7,0
DA:15,0
LF:2
LH:0
BRF:0
BRH:0
end_of_record
TN:
SF:redux/slices/appSlice.ts
FN:29,(anonymous_0)
FN:32,(anonymous_1)
FN:35,(anonymous_2)
FN:43,(anonymous_3)
FN:44,(anonymous_4)
FN:49,(anonymous_5)
FNF:6
FNH:0
FNDA:0,(anonymous_0)
FNDA:0,(anonymous_1)
FNDA:0,(anonymous_2)
FNDA:0,(anonymous_3)
FNDA:0,(anonymous_4)
FNDA:0,(anonymous_5)
DA:19,0
DA:25,0
DA:30,0
DA:33,0
DA:36,0
DA:44,0
DA:45,0
DA:46,0
DA:50,0
DA:61,0
LF:10
LH:0
BRDA:45,0,0,0
BRDA:45,0,1,0
BRF:2
BRH:0
end_of_record
TN:
SF:redux/slices/authSlice.ts
FN:35,(anonymous_0)
FN:39,(anonymous_1)
FN:70,(anonymous_2)
FN:74,(anonymous_3)
FN:83,(anonymous_4)
FN:90,(anonymous_5)
FNF:6
FNH:0
FNDA:0,(anonymous_0)
FNDA:0,(anonymous_1)
FNDA:0,(anonymous_2)
FNDA:0,(anonymous_3)
FNDA:0,(anonymous_4)
FNDA:0,(anonymous_5)
DA:23,0
DA:31,0
DA:36,0
DA:37,0
DA:41,0
DA:54,0
DA:55,0
DA:58,0
DA:59,0
DA:60,0
DA:63,0
DA:66,0
DA:71,0
DA:72,0
DA:75,0
DA:76,0
DA:77,0
DA:80,0
DA:81,0
DA:84,0
DA:85,0
DA:86,0
DA:87,0
DA:91,0
DA:103,0
LF:25
LH:0
BRDA:84,0,0,0
BRDA:84,0,1,0
BRF:2
BRH:0
end_of_record
TN:
SF:redux/slices/deliverySlice.ts
FNF:0
FNH:0
LF:0
LH:0
BRF:0
BRH:0
end_of_record
TN:
SF:redux/slices/pickupSlice.ts
FN:39,(anonymous_0)
FN:52,(anonymous_1)
FN:64,(anonymous_2)
FN:112,(anonymous_3)
FN:151,(anonymous_4)
FN:194,(anonymous_5)
FN:237,(anonymous_6)
FN:240,(anonymous_7)
FN:243,(anonymous_8)
FN:246,(anonymous_9)
FN:248,(anonymous_10)
FN:251,(anonymous_11)
FN:254,(anonymous_12)
FN:258,(anonymous_13)
FN:260,(anonymous_14)
FN:264,(anonymous_15)
FN:268,(anonymous_16)
FN:274,(anonymous_17)
FN:278,(anonymous_18)
FN:284,(anonymous_19)
FN:290,(anonymous_20)
FN:294,(anonymous_21)
FN:295,(anonymous_22)
FN:303,(anonymous_23)
FN:309,(anonymous_24)
FN:313,(anonymous_25)
FN:318,(anonymous_26)
FN:324,(anonymous_27)
FN:328,(anonymous_28)
FN:332,(anonymous_29)
FNF:30
FNH:0
FNDA:0,(anonymous_0)
FNDA:0,(anonymous_1)
FNDA:0,(anonymous_2)
FNDA:0,(anonymous_3)
FNDA:0,(anonymous_4)
FNDA:0,(anonymous_5)
FNDA:0,(anonymous_6)
FNDA:0,(anonymous_7)
FNDA:0,(anonymous_8)
FNDA:0,(anonymous_9)
FNDA:0,(anonymous_10)
FNDA:0,(anonymous_11)
FNDA:0,(anonymous_12)
FNDA:0,(anonymous_13)
FNDA:0,(anonymous_14)
FNDA:0,(anonymous_15)
FNDA:0,(anonymous_16)
FNDA:0,(anonymous_17)
FNDA:0,(anonymous_18)
FNDA:0,(anonymous_19)
FNDA:0,(anonymous_20)
FNDA:0,(anonymous_21)
FNDA:0,(anonymous_22)
FNDA:0,(anonymous_23)
FNDA:0,(anonymous_24)
FNDA:0,(anonymous_25)
FNDA:0,(anonymous_26)
FNDA:0,(anonymous_27)
FNDA:0,(anonymous_28)
FNDA:0,(anonymous_29)
DA:25,0
DA:37,0
DA:40,0
DA:42,0
DA:43,0
DA:45,0
DA:50,0
DA:53,0
DA:54,0
DA:55,0
DA:57,0
DA:62,0
DA:65,0
DA:66,0
DA:67,0
DA:82,0
DA:84,0
DA:85,0
DA:89,0
DA:90,0
DA:91,0
DA:99,0
DA:100,0
DA:103,0
DA:105,0
DA:110,0
DA:113,0
DA:114,0
DA:115,0
DA:121,0
DA:123,0
DA:124,0
DA:128,0
DA:129,0
DA:130,0
DA:138,0
DA:139,0
DA:142,0
DA:144,0
DA:149,0
DA:152,0
DA:153,0
DA:154,0
DA:165,0
DA:167,0
DA:168,0
DA:172,0
DA:173,0
DA:174,0
DA:182,0
DA:185,0
DA:187,0
DA:192,0
DA:195,0
DA:197,0
DA:199,0
DA:200,0
DA:204,0
DA:205,0
DA:206,0
DA:210,0
DA:212,0
DA:213,0
DA:217,0
DA:218,0
DA:219,0
DA:222,0
DA:227,0
DA:233,0
DA:238,0
DA:241,0
DA:244,0
DA:247,0
DA:248,0
DA:252,0
DA:255,0
DA:260,0
DA:261,0
DA:262,0
DA:264,0
DA:265,0
DA:266,0
DA:268,0
DA:269,0
DA:270,0
DA:274,0
DA:275,0
DA:276,0
DA:278,0
DA:279,0
DA:280,0
DA:281,0
DA:282,0
DA:284,0
DA:285,0
DA:286,0
DA:290,0
DA:291,0
DA:292,0
DA:294,0
DA:295,0
DA:296,0
DA:297,0
DA:299,0
DA:300,0
DA:301,0
DA:303,0
DA:304,0
DA:305,0
DA:309,0
DA:310,0
DA:311,0
DA:313,0
DA:314,0
DA:315,0
DA:316,0
DA:318,0
DA:319,0
DA:320,0
DA:324,0
DA:325,0
DA:326,0
DA:328,0
DA:329,0
DA:330,0
DA:332,0
DA:333,0
DA:334,0
DA:347,0
LF:129
LH:0
BRDA:45,0,0,0
BRDA:45,0,1,0
BRDA:57,1,0,0
BRDA:57,1,1,0
BRDA:69,2,0,0
BRDA:69,2,1,0
BRDA:70,3,0,0
BRDA:70,3,1,0
BRDA:71,4,0,0
BRDA:71,4,1,0
BRDA:72,5,0,0
BRDA:72,5,1,0
BRDA:73,6,0,0
BRDA:73,6,1,0
BRDA:74,7,0,0
BRDA:74,7,1,0
BRDA:75,8,0,0
BRDA:75,8,1,0
BRDA:84,9,0,0
BRDA:84,9,1,0
BRDA:90,10,0,0
BRDA:90,10,1,0
BRDA:105,11,0,0
BRDA:105,11,1,0
BRDA:123,12,0,0
BRDA:123,12,1,0
BRDA:129,13,0,0
BRDA:129,13,1,0
BRDA:144,14,0,0
BRDA:144,14,1,0
BRDA:156,15,0,0
BRDA:156,15,1,0
BRDA:157,16,0,0
BRDA:157,16,1,0
BRDA:158,17,0,0
BRDA:158,17,1,0
BRDA:167,18,0,0
BRDA:167,18,1,0
BRDA:173,19,0,0
BRDA:173,19,1,0
BRDA:187,20,0,0
BRDA:187,20,1,0
BRDA:199,21,0,0
BRDA:199,21,1,0
BRDA:205,22,0,0
BRDA:205,22,1,0
BRDA:212,23,0,0
BRDA:212,23,1,0
BRDA:217,24,0,0
BRDA:217,24,1,0
BRDA:227,25,0,0
BRDA:227,25,1,0
BRDA:296,26,0,0
BRDA:296,26,1,0
BRF:54
BRH:0
end_of_record
TN:
SF:services/api/apiConfig.ts
FN:48,(anonymous_0)
FN:79,(anonymous_1)
FN:84,(anonymous_2)
FN:85,(anonymous_3)
FN:101,(anonymous_4)
FN:106,(anonymous_5)
FN:108,(anonymous_6)
FN:130,(anonymous_7)
FN:140,(anonymous_8)
FNF:9
FNH:0
FNDA:0,(anonymous_0)
FNDA:0,(anonymous_1)
FNDA:0,(anonymous_2)
FNDA:0,(anonymous_3)
FNDA:0,(anonymous_4)
FNDA:0,(anonymous_5)
FNDA:0,(anonymous_6)
FNDA:0,(anonymous_7)
FNDA:0,(anonymous_8)
DA:7,0
DA:17,0
DA:20,0
DA:28,0
DA:34,0
DA:43,0
DA:47,0
DA:50,0
DA:52,0
DA:53,0
DA:57,0
DA:58,0
DA:61,0
DA:62,0
DA:65,0
DA:66,0
DA:70,0
DA:71,0
DA:72,0
DA:74,0
DA:77,0
DA:79,0
DA:83,0
DA:84,0
DA:86,0
DA:88,0
DA:89,0
DA:92,0
DA:93,0
DA:96,0
DA:101,0
DA:103,0
DA:106,0
DA:108,0
DA:109,0
DA:110,0
DA:124,0
DA:130,0
DA:137,0
DA:140,0
LF:40
LH:0
BRDA:9,0,0,0
BRDA:9,0,1,0
BRDA:12,1,0,0
BRDA:12,1,1,0
BRDA:17,2,0,0
BRDA:17,2,1,0
BRDA:52,3,0,0
BRDA:52,3,1,0
BRDA:52,4,0,0
BRDA:52,4,1,0
BRDA:57,5,0,0
BRDA:57,5,1,0
BRDA:61,6,0,0
BRDA:61,6,1,0
BRDA:61,7,0,0
BRDA:61,7,1,0
BRDA:61,8,0,0
BRDA:61,8,1,0
BRDA:71,9,0,0
BRDA:71,9,1,0
BRDA:86,10,0,0
BRDA:86,10,1,0
BRDA:92,11,0,0
BRDA:92,11,1,0
BRF:24
BRH:0
end_of_record
TN:
SF:services/api/authApi.ts
FN:38,(anonymous_0)
FN:50,(anonymous_1)
FN:61,(anonymous_2)
FN:71,(anonymous_3)
FN:82,(anonymous_4)
FN:93,(anonymous_5)
FNF:6
FNH:0
FNDA:0,(anonymous_0)
FNDA:0,(anonymous_1)
FNDA:0,(anonymous_2)
FNDA:0,(anonymous_3)
FNDA:0,(anonymous_4)
FNDA:0,(anonymous_5)
DA:37,0
DA:39,0
DA:40,0
DA:42,0
DA:43,0
DA:46,0
DA:47,0
DA:51,0
DA:53,0
DA:54,0
DA:57,0
DA:58,0
DA:62,0
DA:64,0
DA:65,0
DA:68,0
DA:72,0
DA:74,0
DA:75,0
DA:78,0
DA:79,0
DA:83,0
DA:85,0
DA:86,0
DA:89,0
DA:90,0
DA:94,0
DA:96,0
DA:97,0
DA:100,0
DA:101,0
LF:31
LH:0
BRDA:42,0,0,0
BRDA:42,0,1,0
BRDA:53,1,0,0
BRDA:53,1,1,0
BRDA:64,2,0,0
BRDA:64,2,1,0
BRDA:74,3,0,0
BRDA:74,3,1,0
BRDA:85,4,0,0
BRDA:85,4,1,0
BRDA:96,5,0,0
BRDA:96,5,1,0
BRF:12
BRH:0
end_of_record
TN:
SF:services/api/delivery.ts
FNF:0
FNH:0
LF:0
LH:0
BRF:0
BRH:0
end_of_record
TN:
SF:services/api/index.ts
FNF:0
FNH:0
LF:0
LH:0
BRF:0
BRH:0
end_of_record
TN:
SF:services/api/mockApiService.ts
FN:8,(anonymous_0)
FN:8,(anonymous_1)
FN:29,(anonymous_2)
FN:30,(anonymous_3)
FN:35,(anonymous_4)
FN:68,(anonymous_5)
FN:84,(anonymous_6)
FN:96,(anonymous_7)
FN:101,(anonymous_8)
FN:114,(anonymous_9)
FN:120,(anonymous_10)
FN:178,(anonymous_11)
FN:184,(anonymous_12)
FN:241,(anonymous_13)
FN:249,(anonymous_14)
FN:255,(anonymous_15)
FN:285,(anonymous_16)
FN:295,(anonymous_17)
FN:317,(anonymous_18)
FN:337,(anonymous_19)
FN:350,(anonymous_20)
FNF:21
FNH:0
FNDA:0,(anonymous_0)
FNDA:0,(anonymous_1)
FNDA:0,(anonymous_2)
FNDA:0,(anonymous_3)
FNDA:0,(anonymous_4)
FNDA:0,(anonymous_5)
FNDA:0,(anonymous_6)
FNDA:0,(anonymous_7)
FNDA:0,(anonymous_8)
FNDA:0,(anonymous_9)
FNDA:0,(anonymous_10)
FNDA:0,(anonymous_11)
FNDA:0,(anonymous_12)
FNDA:0,(anonymous_13)
FNDA:0,(anonymous_14)
FNDA:0,(anonymous_15)
FNDA:0,(anonymous_16)
FNDA:0,(anonymous_17)
FNDA:0,(anonymous_18)
FNDA:0,(anonymous_19)
FNDA:0,(anonymous_20)
DA:6,0
DA:8,0
DA:11,0
DA:29,0
DA:30,0
DA:31,0
DA:32,0
DA:35,0
DA:36,0
DA:37,0
DA:39,0
DA:40,0
DA:42,0
DA:43,0
DA:46,0
DA:50,0
DA:51,0
DA:52,0
DA:55,0
DA:56,0
DA:59,0
DA:60,0
DA:61,0
DA:62,0
DA:68,0
DA:69,0
DA:80,0
DA:84,0
DA:85,0
DA:86,0
DA:88,0
DA:96,0
DA:101,0
DA:112,0
DA:115,0
DA:117,0
DA:120,0
DA:121,0
DA:124,0
DA:125,0
DA:126,0
DA:127,0
DA:129,0
DA:142,0
DA:143,0
DA:153,0
DA:154,0
DA:155,0
DA:156,0
DA:158,0
DA:170,0
DA:174,0
DA:175,0
DA:179,0
DA:181,0
DA:184,0
DA:185,0
DA:186,0
DA:190,0
DA:191,0
DA:196,0
DA:197,0
DA:201,0
DA:202,0
DA:207,0
DA:208,0
DA:210,0
DA:221,0
DA:224,0
DA:225,0
DA:226,0
DA:228,0
DA:242,0
DA:243,0
DA:244,0
DA:245,0
DA:246,0
DA:250,0
DA:252,0
DA:255,0
DA:256,0
DA:257,0
DA:265,0
DA:266,0
DA:271,0
DA:272,0
DA:275,0
DA:278,0
DA:286,0
DA:287,0
DA:288,0
DA:296,0
DA:298,0
DA:299,0
DA:300,0
DA:303,0
DA:304,0
DA:318,0
DA:320,0
DA:321,0
DA:322,0
DA:323,0
DA:324,0
DA:327,0
DA:329,0
DA:337,0
DA:338,0
DA:339,0
DA:340,0
DA:341,0
DA:344,0
DA:347,0
DA:350,0
DA:351,0
LF:114
LH:0
BRDA:29,0,0,0
BRDA:36,1,0,0
BRDA:36,1,1,0
BRDA:36,2,0,0
BRDA:36,2,1,0
BRDA:39,3,0,0
BRDA:39,3,1,0
BRDA:40,4,0,0
BRDA:40,4,1,0
BRDA:42,5,0,0
BRDA:42,5,1,0
BRDA:50,6,0,0
BRDA:50,6,1,0
BRDA:80,7,0,0
BRDA:80,7,1,0
BRDA:121,8,0,0
BRDA:121,8,1,0
BRDA:124,9,0,0
BRDA:124,9,1,0
BRDA:153,10,0,0
BRDA:153,10,1,0
BRDA:153,11,0,0
BRDA:153,11,1,0
BRDA:185,12,0,0
BRDA:185,12,1,0
BRDA:196,13,0,0
BRDA:196,13,1,0
BRDA:256,14,0,0
BRDA:256,14,1,0
BRDA:271,15,0,0
BRDA:271,15,1,0
BRDA:299,16,0,0
BRDA:299,16,1,0
BRDA:321,17,0,0
BRDA:321,17,1,0
BRDA:327,18,0,0
BRDA:327,18,1,0
BRDA:330,19,0,0
BRDA:330,19,1,0
BRDA:340,20,0,0
BRDA:340,20,1,0
BRDA:351,21,0,0
BRDA:351,21,1,0
BRF:43
BRH:0
end_of_record
TN:
SF:services/api/pickup.ts
FN:17,(anonymous_0)
FN:45,(anonymous_1)
FN:74,(anonymous_2)
FN:106,(anonymous_3)
FN:157,(anonymous_4)
FN:185,(anonymous_5)
FNF:6
FNH:0
FNDA:0,(anonymous_0)
FNDA:0,(anonymous_1)
FNDA:0,(anonymous_2)
FNDA:0,(anonymous_3)
FNDA:0,(anonymous_4)
FNDA:0,(anonymous_5)
DA:6,0
DA:17,0
DA:18,0
DA:19,0
DA:27,0
DA:28,0
DA:31,0
DA:32,0
DA:34,0
DA:35,0
DA:45,0
DA:46,0
DA:47,0
DA:56,0
DA:57,0
DA:60,0
DA:61,0
DA:63,0
DA:64,0
DA:74,0
DA:78,0
DA:79,0
DA:88,0
DA:89,0
DA:92,0
DA:93,0
DA:95,0
DA:96,0
DA:106,0
DA:110,0
DA:112,0
DA:113,0
DA:117,0
DA:118,0
DA:119,0
DA:122,0
DA:129,0
DA:131,0
DA:139,0
DA:140,0
DA:143,0
DA:144,0
DA:146,0
DA:147,0
DA:157,0
DA:158,0
DA:159,0
DA:167,0
DA:168,0
DA:171,0
DA:172,0
DA:174,0
DA:175,0
DA:185,0
DA:186,0
DA:187,0
DA:195,0
DA:196,0
DA:199,0
DA:200,0
DA:202,0
DA:203,0
LF:62
LH:0
BRDA:27,0,0,0
BRDA:27,0,1,0
BRDA:37,1,0,0
BRDA:37,1,1,0
BRDA:56,2,0,0
BRDA:56,2,1,0
BRDA:66,3,0,0
BRDA:66,3,1,0
BRDA:88,4,0,0
BRDA:88,4,1,0
BRDA:98,5,0,0
BRDA:98,5,1,0
BRDA:117,6,0,0
BRDA:117,6,1,0
BRDA:139,7,0,0
BRDA:139,7,1,0
BRDA:149,8,0,0
BRDA:149,8,1,0
BRDA:167,9,0,0
BRDA:167,9,1,0
BRDA:177,10,0,0
BRDA:177,10,1,0
BRDA:195,11,0,0
BRDA:195,11,1,0
BRDA:205,12,0,0
BRDA:205,12,1,0
BRF:26
BRH:0
end_of_record
TN:
SF:services/database/databaseHandler.ts
FN:12,(anonymous_0)
FN:22,(anonymous_1)
FN:37,(anonymous_2)
FN:39,(anonymous_3)
FN:43,(anonymous_4)
FN:47,(anonymous_5)
FN:54,(anonymous_6)
FN:79,(anonymous_7)
FN:90,(anonymous_8)
FN:101,(anonymous_9)
FN:102,(anonymous_10)
FN:105,(anonymous_11)
FN:140,(anonymous_12)
FN:147,(anonymous_13)
FN:148,(anonymous_14)
FN:155,(anonymous_15)
FN:156,(anonymous_16)
FN:160,(anonymous_17)
FN:167,(anonymous_18)
FN:176,(anonymous_19)
FN:192,(anonymous_20)
FN:199,(anonymous_21)
FN:209,(anonymous_22)
FN:230,(anonymous_23)
FNF:24
FNH:0
FNDA:0,(anonymous_0)
FNDA:0,(anonymous_1)
FNDA:0,(anonymous_2)
FNDA:0,(anonymous_3)
FNDA:0,(anonymous_4)
FNDA:0,(anonymous_5)
FNDA:0,(anonymous_6)
FNDA:0,(anonymous_7)
FNDA:0,(anonymous_8)
FNDA:0,(anonymous_9)
FNDA:0,(anonymous_10)
FNDA:0,(anonymous_11)
FNDA:0,(anonymous_12)
FNDA:0,(anonymous_13)
FNDA:0,(anonymous_14)
FNDA:0,(anonymous_15)
FNDA:0,(anonymous_16)
FNDA:0,(anonymous_17)
FNDA:0,(anonymous_18)
FNDA:0,(anonymous_19)
FNDA:0,(anonymous_20)
FNDA:0,(anonymous_21)
FNDA:0,(anonymous_22)
FNDA:0,(anonymous_23)
DA:5,0
DA:6,0
DA:7,0
DA:12,0
DA:13,0
DA:14,0
DA:18,0
DA:19,0
DA:22,0
DA:23,0
DA:25,0
DA:26,0
DA:27,0
DA:30,0
DA:32,0
DA:33,0
DA:37,0
DA:38,0
DA:40,0
DA:44,0
DA:45,0
DA:48,0
DA:49,0
DA:50,0
DA:55,0
DA:56,0
DA:62,0
DA:63,0
DA:64,0
DA:65,0
DA:66,0
DA:69,0
DA:70,0
DA:72,0
DA:73,0
DA:74,0
DA:75,0
DA:79,0
DA:84,0
DA:90,0
DA:91,0
DA:92,0
DA:95,0
DA:101,0
DA:102,0
DA:103,0
DA:105,0
DA:106,0
DA:107,0
DA:109,0
DA:110,0
DA:112,0
DA:113,0
DA:116,0
DA:120,0
DA:121,0
DA:122,0
DA:125,0
DA:126,0
DA:129,0
DA:130,0
DA:131,0
DA:132,0
DA:140,0
DA:144,0
DA:145,0
DA:147,0
DA:148,0
DA:149,0
DA:152,0
DA:154,0
DA:156,0
DA:157,0
DA:161,0
DA:162,0
DA:163,0
DA:164,0
DA:168,0
DA:169,0
DA:170,0
DA:171,0
DA:177,0
DA:178,0
DA:179,0
DA:184,0
DA:185,0
DA:192,0
DA:193,0
DA:199,0
DA:200,0
DA:201,0
DA:202,0
DA:203,0
DA:209,0
DA:214,0
DA:215,0
DA:216,0
DA:223,0
DA:227,0
DA:230,0
DA:233,0
DA:234,0
LF:102
LH:0
BRDA:12,0,0,0
BRDA:13,1,0,0
BRDA:13,1,1,0
BRDA:13,2,0,0
BRDA:13,2,1,0
BRDA:18,3,0,0
BRDA:18,3,1,0
BRDA:32,4,0,0
BRDA:32,4,1,0
BRDA:72,5,0,0
BRDA:72,5,1,0
BRDA:91,6,0,0
BRDA:91,6,1,0
BRDA:91,7,0,0
BRDA:91,7,1,0
BRDA:101,8,0,0
BRDA:106,9,0,0
BRDA:106,9,1,0
BRDA:106,10,0,0
BRDA:106,10,1,0
BRDA:109,11,0,0
BRDA:109,11,1,0
BRDA:110,12,0,0
BRDA:110,12,1,0
BRDA:112,13,0,0
BRDA:112,13,1,0
BRDA:120,14,0,0
BRDA:120,14,1,0
BRDA:142,15,0,0
BRDA:156,16,0,0
BRDA:162,17,0,0
BRDA:162,17,1,0
BRDA:193,18,0,0
BRDA:193,18,1,0
BRDA:215,19,0,0
BRDA:215,19,1,0
BRF:36
BRH:0
end_of_record
TN:
SF:services/database/index.ts
FN:18,(anonymous_0)
FN:49,(anonymous_1)
FN:72,(anonymous_2)
FN:75,(anonymous_3)
FN:94,(anonymous_4)
FN:95,(anonymous_5)
FN:98,(anonymous_6)
FNF:7
FNH:0
FNDA:0,(anonymous_0)
FNDA:0,(anonymous_1)
FNDA:0,(anonymous_2)
FNDA:0,(anonymous_3)
FNDA:0,(anonymous_4)
FNDA:0,(anonymous_5)
FNDA:0,(anonymous_6)
DA:10,0
DA:18,0
DA:19,0
DA:20,0
DA:23,0
DA:24,0
DA:28,0
DA:29,0
DA:31,0
DA:33,0
DA:34,0
DA:37,0
DA:39,0
DA:40,0
DA:41,0
DA:43,0
DA:48,0
DA:49,0
DA:52,0
DA:53,0
DA:54,0
DA:56,0
DA:57,0
DA:61,0
DA:62,0
DA:65,0
DA:72,0
DA:75,0
DA:76,0
DA:80,0
DA:83,0
DA:85,0
DA:86,0
DA:94,0
DA:95,0
DA:96,0
DA:98,0
DA:99,0
DA:100,0
DA:102,0
DA:103,0
DA:105,0
DA:106,0
DA:109,0
DA:113,0
DA:114,0
DA:115,0
DA:118,0
DA:119,0
DA:122,0
DA:123,0
DA:124,0
DA:125,0
DA:132,0
DA:134,0
DA:135,0
DA:136,0
DA:138,0
DA:139,0
DA:140,0
DA:143,0
DA:145,0
DA:146,0
DA:149,0
DA:150,0
DA:151,0
DA:152,0
DA:153,0
DA:154,0
DA:155,0
DA:156,0
DA:157,0
DA:158,0
DA:159,0
DA:160,0
DA:161,0
DA:162,0
DA:163,0
DA:169,0
DA:172,0
LF:80
LH:0
BRDA:31,0,0,0
BRDA:31,0,1,0
BRDA:39,1,0,0
BRDA:39,1,1,0
BRDA:94,2,0,0
BRDA:99,3,0,0
BRDA:99,3,1,0
BRDA:99,4,0,0
BRDA:99,4,1,0
BRDA:102,5,0,0
BRDA:102,5,1,0
BRDA:103,6,0,0
BRDA:103,6,1,0
BRDA:105,7,0,0
BRDA:105,7,1,0
BRDA:113,8,0,0
BRDA:113,8,1,0
BRF:17
BRH:0
end_of_record
TN:
SF:services/database/migrations.ts
FN:16,(anonymous_0)
FN:29,(anonymous_1)
FN:40,(anonymous_2)
FN:50,(anonymous_3)
FN:65,(anonymous_4)
FN:139,(anonymous_5)
FN:156,(anonymous_6)
FN:236,(anonymous_7)
FN:266,(anonymous_8)
FN:283,(anonymous_9)
FN:361,(anonymous_10)
FN:439,(anonymous_11)
FN:464,(anonymous_12)
FN:469,(anonymous_13)
FN:488,(anonymous_14)
FN:513,(anonymous_15)
FNF:16
FNH:0
FNDA:0,(anonymous_0)
FNDA:0,(anonymous_1)
FNDA:0,(anonymous_2)
FNDA:0,(anonymous_3)
FNDA:0,(anonymous_4)
FNDA:0,(anonymous_5)
FNDA:0,(anonymous_6)
FNDA:0,(anonymous_7)
FNDA:0,(anonymous_8)
FNDA:0,(anonymous_9)
FNDA:0,(anonymous_10)
FNDA:0,(anonymous_11)
FNDA:0,(anonymous_12)
FNDA:0,(anonymous_13)
FNDA:0,(anonymous_14)
FNDA:0,(anonymous_15)
DA:5,0
DA:9,0
DA:11,0
DA:16,0
DA:17,0
DA:18,0
DA:19,0
DA:21,0
DA:22,0
DA:29,0
DA:30,0
DA:31,0
DA:33,0
DA:40,0
DA:41,0
DA:50,0
DA:51,0
DA:52,0
DA:53,0
DA:56,0
DA:65,0
DA:66,0
DA:67,0
DA:70,0
DA:77,0
DA:85,0
DA:92,0
DA:98,0
DA:105,0
DA:111,0
DA:118,0
DA:126,0
DA:127,0
DA:129,0
DA:131,0
DA:132,0
DA:139,0
DA:140,0
DA:141,0
DA:144,0
DA:145,0
DA:147,0
DA:156,0
DA:157,0
DA:158,0
DA:163,0
DA:165,0
DA:170,0
DA:236,0
DA:240,0
DA:241,0
DA:251,0
DA:253,0
DA:258,0
DA:259,0
DA:266,0
DA:267,0
DA:268,0
DA:273,0
DA:275,0
DA:276,0
DA:283,0
DA:284,0
DA:290,0
DA:336,0
DA:337,0
DA:338,0
DA:353,0
DA:356,0
DA:357,0
DA:361,0
DA:362,0
DA:368,0
DA:414,0
DA:415,0
DA:416,0
DA:431,0
DA:434,0
DA:435,0
DA:439,0
DA:440,0
DA:443,0
DA:453,0
DA:464,0
DA:465,0
DA:466,0
DA:467,0
DA:468,0
DA:469,0
DA:470,0
DA:473,0
DA:476,0
DA:481,0
DA:482,0
DA:488,0
DA:489,0
DA:491,0
DA:492,0
DA:496,0
DA:497,0
DA:498,0
DA:499,0
DA:502,0
DA:503,0
DA:504,0
DA:513,0
DA:514,0
DA:516,0
DA:517,0
DA:522,0
DA:523,0
DA:524,0
DA:531,0
DA:532,0
DA:533,0
DA:534,0
DA:537,0
DA:539,0
DA:540,0
DA:541,0
DA:542,0
DA:544,0
DA:546,0
DA:549,0
DA:551,0
DA:552,0
DA:553,0
DA:554,0
DA:556,0
DA:558,0
DA:561,0
DA:562,0
DA:563,0
DA:564,0
DA:565,0
DA:566,0
DA:569,0
DA:570,0
DA:571,0
DA:574,0
DA:575,0
DA:577,0
DA:578,0
DA:581,0
DA:584,0
DA:587,0
DA:588,0
DA:591,0
DA:592,0
DA:595,0
DA:596,0
DA:599,0
DA:600,0
DA:602,0
DA:604,0
DA:605,0
DA:607,0
DA:611,0
DA:612,0
DA:613,0
LF:160
LH:0
BRDA:19,0,0,0
BRDA:19,0,1,0
BRDA:468,1,0,0
BRDA:468,1,1,0
BRDA:468,2,0,0
BRDA:468,2,1,0
BRDA:468,2,2,0
BRDA:491,3,0,0
BRDA:491,3,1,0
BRDA:496,4,0,0
BRDA:496,4,1,0
BRDA:514,5,0,0
BRDA:514,5,1,0
BRDA:514,5,2,0
BRDA:514,5,3,0
BRDA:514,5,4,0
BRDA:514,5,5,0
BRDA:514,5,6,0
BRDA:514,5,7,0
BRDA:514,5,8,0
BRDA:514,5,9,0
BRDA:514,5,10,0
BRDA:514,5,11,0
BRDA:514,5,12,0
BRDA:514,5,13,0
BRDA:514,5,14,0
BRDA:540,6,0,0
BRDA:540,6,1,0
BRDA:552,7,0,0
BRDA:552,7,1,0
BRF:30
BRH:0
end_of_record
TN:
SF:services/database/schema.ts
[...]
BRDA:254,5,0,0
BRDA:254,5,1,0
BRDA:257,6,0,0
BRDA:257,6,1,0
BRDA:258,7,0,0
BRDA:258,7,1,0
BRDA:261,8,0,0
BRDA:261,8,1,0
BRDA:264,9,0,0
BRDA:264,9,1,0
BRDA:270,10,0,0
BRDA:270,10,1,0
BRDA:271,11,0,0
BRDA:271,11,1,0
BRDA:272,12,0,0
BRDA:272,12,1,0
BRDA:289,13,0,0
BRDA:289,13,1,0
BRDA:308,14,0,0
BRDA:308,14,1,0
BRDA:319,15,0,0
BRDA:319,15,1,0
BRDA:319,16,0,0
BRDA:319,16,1,0
BRDA:324,17,0,0
BRDA:324,17,1,0
BRDA:344,18,0,0
BRDA:350,19,0,0
BRDA:350,19,1,0
BRDA:369,20,0,0
BRDA:369,20,1,0
BRDA:369,21,0,0
BRDA:369,21,1,0
BRDA:377,22,0,0
BRDA:377,22,1,0
BRDA:383,23,0,0
BRDA:383,23,1,0
BRDA:406,24,0,0
BRDA:406,24,1,0
BRDA:414,25,0,0
BRDA:414,25,1,0
BRDA:448,26,0,0
BRDA:448,26,1,0
BRDA:453,27,0,0
BRDA:453,27,1,0
BRDA:453,28,0,0
BRDA:453,28,1,0
BRDA:460,29,0,0
BRDA:460,29,1,0
BRDA:470,30,0,0
BRDA:470,30,1,0
BRDA:470,31,0,0
BRDA:470,31,1,0
BRDA:476,32,0,0
BRDA:476,32,1,0
BRDA:476,33,0,0
BRDA:476,33,1,0
BRDA:479,34,0,0
BRDA:479,34,1,0
BRDA:508,35,0,0
BRDA:508,35,1,0
BRDA:508,36,0,0
BRDA:508,36,1,0
BRDA:561,37,0,0
BRDA:561,37,1,0
BRDA:565,38,0,0
BRDA:565,38,1,0
BRDA:568,39,0,0
BRDA:568,39,1,0
BRDA:572,40,0,0
BRDA:572,40,1,0
BRDA:573,41,0,0
BRDA:573,41,1,0
BRDA:573,42,0,0
BRDA:573,42,1,0
BRDA:578,43,0,0
BRDA:578,43,1,0
BRDA:578,44,0,0
BRDA:578,44,1,0
BRDA:589,45,0,0
BRDA:589,45,1,0
BRDA:617,46,0,0
BRDA:617,46,1,0
BRDA:667,47,0,0
BRDA:667,47,1,0
BRDA:673,48,0,0
BRDA:673,48,1,0
BRDA:678,49,0,0
BRDA:678,49,1,0
BRDA:683,50,0,0
BRDA:683,50,1,0
BRDA:706,51,0,0
BRDA:706,51,1,0
BRDA:729,52,0,0
BRDA:729,52,1,0
BRF:105
BRH:0
end_of_record
TN:
SF:services/sync/synchronizer.ts
FN:40,(anonymous_0)
FN:90,(anonymous_1)
FN:98,(anonymous_2)
FN:116,(anonymous_3)
FN:117,(anonymous_4)
FN:120,(anonymous_5)
FN:155,(anonymous_6)
FN:187,(anonymous_7)
FN:220,(anonymous_8)
FN:225,(anonymous_9)
FN:240,(anonymous_10)
FN:256,(anonymous_11)
FN:345,(anonymous_12)
FN:377,(anonymous_13)
FN:399,(anonymous_14)
FN:416,(anonymous_15)
FN:455,(anonymous_16)
FN:478,(anonymous_17)
FN:489,(anonymous_18)
FN:491,(anonymous_19)
FN:506,(anonymous_20)
FN:507,(anonymous_21)
FN:522,(anonymous_22)
FN:554,(anonymous_23)
FN:646,(anonymous_24)
FN:669,(anonymous_25)
FN:682,(anonymous_26)
FN:716,(anonymous_27)
FN:776,(anonymous_28)
FN:798,(anonymous_29)
FN:827,(anonymous_30)
FN:839,(anonymous_31)
FN:857,(anonymous_32)
FN:878,(anonymous_33)
FN:881,(anonymous_34)
FN:893,(anonymous_35)
FN:900,(anonymous_36)
FN:914,(anonymous_37)
FN:925,(anonymous_38)
FN:941,(anonymous_39)
FN:944,(anonymous_40)
FN:960,(anonymous_41)
FN:979,(anonymous_42)
FN:1000,(anonymous_43)
FN:1019,(anonymous_44)
FN:1051,(anonymous_45)
FN:1115,(anonymous_46)
FN:1132,(anonymous_47)
FN:1146,(anonymous_48)
FN:1158,(anonymous_49)
FN:1170,(anonymous_50)
FN:1176,(anonymous_51)
FN:1178,(anonymous_52)
FN:1188,(anonymous_53)
FN:1189,(anonymous_54)
FN:1197,(anonymous_55)
FN:1308,(anonymous_56)
FN:1384,(anonymous_57)
FN:1478,(anonymous_58)
FN:1566,(anonymous_59)
FN:1612,(anonymous_60)
FN:1671,(anonymous_61)
FN:1683,(anonymous_62)
FN:1746,(anonymous_63)
FN:1761,(anonymous_64)
FN:1785,(anonymous_65)
FN:1812,(anonymous_66)
FN:1832,(anonymous_67)
FN:1852,(anonymous_68)
FN:1872,(anonymous_69)
FN:1897,(anonymous_70)
FN:1921,(anonymous_71)
FN:1931,(anonymous_72)
FN:1945,(anonymous_73)
FN:1990,(anonymous_74)
FN:2006,(anonymous_75)
FNF:76
FNH:0
FNDA:0,(anonymous_0)
FNDA:0,(anonymous_1)
FNDA:0,(anonymous_2)
FNDA:0,(anonymous_3)
FNDA:0,(anonymous_4)
FNDA:0,(anonymous_5)
FNDA:0,(anonymous_6)
FNDA:0,(anonymous_7)
FNDA:0,(anonymous_8)
FNDA:0,(anonymous_9)
FNDA:0,(anonymous_10)
FNDA:0,(anonymous_11)
FNDA:0,(anonymous_12)
FNDA:0,(anonymous_13)
FNDA:0,(anonymous_14)
FNDA:0,(anonymous_15)
FNDA:0,(anonymous_16)
FNDA:0,(anonymous_17)
FNDA:0,(anonymous_18)
FNDA:0,(anonymous_19)
FNDA:0,(anonymous_20)
FNDA:0,(anonymous_21)
FNDA:0,(anonymous_22)
FNDA:0,(anonymous_23)
FNDA:0,(anonymous_24)
FNDA:0,(anonymous_25)
FNDA:0,(anonymous_26)
FNDA:0,(anonymous_27)
FNDA:0,(anonymous_28)
FNDA:0,(anonymous_29)
FNDA:0,(anonymous_30)
FNDA:0,(anonymous_31)
FNDA:0,(anonymous_32)
FNDA:0,(anonymous_33)
FNDA:0,(anonymous_34)
FNDA:0,(anonymous_35)
FNDA:0,(anonymous_36)
FNDA:0,(anonymous_37)
FNDA:0,(anonymous_38)
FNDA:0,(anonymous_39)
FNDA:0,(anonymous_40)
FNDA:0,(anonymous_41)
FNDA:0,(anonymous_42)
FNDA:0,(anonymous_43)
FNDA:0,(anonymous_44)
FNDA:0,(anonymous_45)
FNDA:0,(anonymous_46)
FNDA:0,(anonymous_47)
FNDA:0,(anonymous_48)
FNDA:0,(anonymous_49)
FNDA:0,(anonymous_50)
FNDA:0,(anonymous_51)
FNDA:0,(anonymous_52)
FNDA:0,(anonymous_53)
FNDA:0,(anonymous_54)
FNDA:0,(anonymous_55)
FNDA:0,(anonymous_56)
FNDA:0,(anonymous_57)
FNDA:0,(anonymous_58)
FNDA:0,(anonymous_59)
FNDA:0,(anonymous_60)
FNDA:0,(anonymous_61)
FNDA:0,(anonymous_62)
FNDA:0,(anonymous_63)
FNDA:0,(anonymous_64)
FNDA:0,(anonymous_65)
FNDA:0,(anonymous_66)
FNDA:0,(anonymous_67)
FNDA:0,(anonymous_68)
FNDA:0,(anonymous_69)
FNDA:0,(anonymous_70)
FNDA:0,(anonymous_71)
FNDA:0,(anonymous_72)
FNDA:0,(anonymous_73)
FNDA:0,(anonymous_74)
FNDA:0,(anonymous_75)
DA:21,0
DA:22,0
DA:23,0
DA:26,0
DA:27,0
DA:29,0
DA:39,0
DA:40,0
DA:42,0
DA:70,0
DA:90,0
DA:91,0
DA:92,0
DA:94,0
DA:98,0
DA:99,0
DA:100,0
DA:101,0
DA:106,0
DA:116,0
DA:117,0
DA:118,0
DA:120,0
DA:121,0
DA:122,0
DA:124,0
DA:125,0
DA:127,0
DA:128,0
DA:131,0
DA:135,0
DA:136,0
DA:137,0
DA:140,0
DA:141,0
DA:144,0
DA:145,0
DA:146,0
DA:147,0
DA:155,0
DA:156,0
DA:157,0
DA:160,0
DA:163,0
DA:164,0
DA:166,0
DA:167,0
DA:170,0
DA:171,0
DA:174,0
DA:175,0
DA:178,0
DA:179,0
DA:187,0
DA:188,0
DA:190,0
DA:191,0
DA:193,0
DA:194,0
DA:196,0
DA:197,0
DA:198,0
DA:202,0
DA:204,0
DA:206,0
DA:211,0
DA:212,0
DA:213,0
DA:216,0
DA:217,0
DA:218,0
DA:220,0
DA:221,0
DA:223,0
DA:224,0
DA:225,0
DA:227,0
DA:231,0
DA:235,0
DA:236,0
DA:237,0
DA:238,0
DA:239,0
DA:240,0
DA:241,0
DA:243,0
DA:246,0
DA:251,0
DA:252,0
DA:253,0
DA:254,0
DA:255,0
DA:256,0
DA:257,0
DA:260,0
DA:264,0
DA:267,0
DA:268,0
DA:269,0
DA:273,0
DA:274,0
DA:277,0
DA:278,0
DA:279,0
DA:283,0
DA:285,0
DA:287,0
DA:288,0
DA:289,0
DA:293,0
DA:294,0
DA:295,0
DA:296,0
DA:297,0
DA:302,0
DA:303,0
DA:306,0
DA:309,0
DA:310,0
DA:312,0
DA:316,0
DA:317,0
DA:318,0
DA:319,0
DA:321,0
DA:325,0
DA:326,0
DA:328,0
DA:332,0
DA:333,0
DA:334,0
DA:335,0
DA:336,0
DA:339,0
DA:341,0
DA:344,0
DA:345,0
DA:352,0
DA:355,0
DA:358,0
DA:359,0
DA:360,0
DA:364,0
DA:365,0
DA:366,0
DA:369,0
DA:377,0
DA:378,0
DA:380,0
DA:381,0
DA:385,0
DA:386,0
DA:389,0
DA:390,0
DA:392,0
DA:399,0
DA:400,0
DA:402,0
DA:407,0
DA:408,0
DA:412,0
DA:416,0
DA:419,0
DA:420,0
DA:422,0
DA:423,0
DA:424,0
DA:425,0
DA:426,0
DA:427,0
DA:428,0
DA:429,0
DA:430,0
DA:433,0
DA:434,0
DA:437,0
DA:442,0
DA:443,0
DA:446,0
DA:447,0
DA:455,0
DA:456,0
DA:457,0
DA:460,0
DA:465,0
DA:467,0
DA:468,0
DA:469,0
DA:473,0
DA:477,0
DA:478,0
DA:479,0
DA:483,0
DA:486,0
DA:489,0
DA:490,0
DA:491,0
DA:493,0
DA:496,0
DA:497,0
DA:500,0
DA:504,0
DA:505,0
DA:506,0
DA:507,0
DA:508,0
DA:509,0
DA:513,0
DA:516,0
DA:522,0
DA:528,0
DA:529,0
DA:530,0
DA:533,0
DA:534,0
DA:535,0
DA:538,0
DA:539,0
DA:541,0
DA:542,0
DA:543,0
DA:546,0
DA:547,0
DA:554,0
DA:563,0
DA:636,0
DA:646,0
DA:647,0
DA:648,0
DA:650,0
DA:663,0
DA:664,0
DA:665,0
DA:669,0
DA:670,0
DA:671,0
DA:672,0
DA:674,0
DA:675,0
DA:682,0
DA:686,0
DA:688,0
DA:689,0
DA:690,0
DA:691,0
DA:694,0
DA:695,0
DA:697,0
DA:698,0
DA:701,0
DA:702,0
DA:705,0
DA:706,0
DA:708,0
DA:709,0
DA:716,0
DA:717,0
DA:723,0
DA:725,0
DA:726,0
DA:727,0
DA:728,0
DA:731,0
DA:732,0
DA:733,0
DA:734,0
DA:737,0
DA:740,0
DA:741,0
DA:742,0
DA:745,0
DA:747,0
DA:750,0
DA:751,0
DA:752,0
DA:755,0
DA:756,0
DA:758,0
DA:759,0
DA:764,0
DA:765,0
DA:767,0
DA:768,0
DA:776,0
DA:777,0
DA:779,0
DA:780,0
DA:781,0
DA:782,0
DA:785,0
DA:787,0
DA:788,0
DA:789,0
DA:791,0
DA:798,0
DA:799,0
DA:800,0
DA:802,0
DA:812,0
DA:814,0
DA:816,0
DA:817,0
DA:819,0
DA:820,0
DA:827,0
DA:828,0
DA:829,0
DA:831,0
DA:832,0
DA:836,0
DA:838,0
DA:839,0
DA:840,0
DA:845,0
DA:846,0
DA:848,0
DA:849,0
DA:852,0
DA:853,0
DA:857,0
DA:858,0
DA:859,0
DA:860,0
DA:862,0
DA:864,0
DA:865,0
DA:868,0
DA:869,0
DA:872,0
DA:873,0
DA:878,0
DA:879,0
DA:880,0
DA:881,0
DA:883,0
DA:884,0
DA:885,0
DA:888,0
DA:893,0
DA:894,0
DA:895,0
DA:900,0
DA:907,0
DA:913,0
DA:914,0
DA:916,0
DA:917,0
DA:920,0
DA:925,0
DA:926,0
DA:927,0
DA:928,0
DA:929,0
DA:930,0
DA:931,0
DA:933,0
DA:941,0
DA:942,0
DA:943,0
DA:944,0
DA:947,0
DA:948,0
DA:949,0
DA:950,0
DA:953,0
DA:960,0
DA:961,0
DA:963,0
DA:964,0
DA:966,0
DA:967,0
DA:969,0
DA:971,0
DA:972,0
DA:979,0
DA:980,0
DA:982,0
DA:985,0
DA:986,0
DA:991,0
DA:993,0
DA:1000,0
DA:1001,0
DA:1006,0
DA:1008,0
DA:1009,0
DA:1013,0
DA:1019,0
DA:1020,0
DA:1021,0
DA:1023,0
DA:1024,0
DA:1025,0
DA:1029,0
DA:1031,0
DA:1032,0
DA:1034,0
DA:1035,0
DA:1036,0
DA:1037,0
DA:1040,0
DA:1041,0
DA:1043,0
DA:1044,0
DA:1051,0
DA:1061,0
DA:1062,0
DA:1063,0
DA:1071,0
DA:1072,0
DA:1073,0
DA:1080,0
DA:1083,0
DA:1084,0
DA:1086,0
DA:1106,0
DA:1115,0
DA:1127,0
DA:1130,0
DA:1132,0
DA:1143,0
DA:1146,0
DA:1155,0
DA:1158,0
DA:1165,0
DA:1169,0
DA:1171,0
DA:1172,0
DA:1176,0
DA:1177,0
DA:1178,0
DA:1179,0
DA:1188,0
DA:1189,0
DA:1192,0
DA:1193,0
DA:1197,0
DA:1202,0
DA:1206,0
DA:1209,0
DA:1210,0
DA:1211,0
DA:1212,0
DA:1214,0
DA:1215,0
DA:1217,0
DA:1219,0
DA:1220,0
DA:1221,0
DA:1223,0
DA:1224,0
DA:1228,0
DA:1231,0
DA:1232,0
DA:1235,0
DA:1236,0
DA:1237,0
DA:1244,0
DA:1245,0
DA:1247,0
DA:1252,0
DA:1253,0
DA:1254,0
DA:1258,0
DA:1261,0
DA:1266,0
DA:1268,0
DA:1274,0
DA:1277,0
DA:1278,0
DA:1279,0
DA:1280,0
DA:1281,0
DA:1284,0
DA:1293,0
DA:1297,0
DA:1308,0
DA:1309,0
DA:1312,0
DA:1314,0
DA:1315,0
DA:1317,0
DA:1321,0
DA:1322,0
DA:1325,0
DA:1328,0
DA:1329,0
DA:1331,0
DA:1335,0
DA:1336,0
DA:1340,0
DA:1341,0
DA:1343,0
DA:1347,0
DA:1348,0
DA:1351,0
DA:1354,0
DA:1355,0
DA:1359,0
DA:1360,0
DA:1364,0
DA:1365,0
DA:1369,0
DA:1370,0
DA:1373,0
DA:1378,0
DA:1384,0
DA:1393,0
DA:1398,0
DA:1400,0
DA:1401,0
DA:1408,0
DA:1409,0
DA:1412,0
DA:1414,0
DA:1416,0
DA:1427,0
DA:1434,0
DA:1435,0
DA:1437,0
DA:1438,0
DA:1441,0
DA:1443,0
DA:1444,0
DA:1456,0
DA:1460,0
DA:1466,0
DA:1467,0
DA:1478,0
DA:1487,0
DA:1504,0
DA:1506,0
DA:1507,0
DA:1508,0
DA:1511,0
DA:1512,0
DA:1514,0
DA:1515,0
DA:1517,0
DA:1518,0
DA:1521,0
DA:1522,0
DA:1525,0
DA:1534,0
DA:1545,0
DA:1551,0
DA:1552,0
DA:1555,0
DA:1566,0
DA:1576,0
DA:1579,0
DA:1580,0
DA:1589,0
DA:1590,0
DA:1592,0
DA:1595,0
DA:1598,0
DA:1603,0
DA:1605,0
DA:1606,0
DA:1607,0
DA:1610,0
DA:1611,0
DA:1612,0
DA:1616,0
DA:1618,0
DA:1619,0
DA:1620,0
DA:1622,0
DA:1623,0
DA:1625,0
DA:1626,0
DA:1629,0
DA:1630,0
DA:1633,0
DA:1642,0
DA:1653,0
DA:1659,0
DA:1660,0
DA:1663,0
DA:1671,0
DA:1673,0
DA:1683,0
DA:1684,0
DA:1685,0
DA:1687,0
DA:1688,0
DA:1692,0
DA:1695,0
DA:1697,0
DA:1698,0
DA:1701,0
DA:1702,0
DA:1705,0
DA:1706,0
DA:1709,0
DA:1710,0
DA:1713,0
DA:1714,0
DA:1717,0
DA:1718,0
DA:1721,0
DA:1722,0
DA:1723,0
DA:1724,0
DA:1726,0
DA:1729,0
DA:1730,0
DA:1733,0
DA:1737,0
DA:1738,0
DA:1741,0
DA:1746,0
DA:1747,0
DA:1750,0
DA:1755,0
DA:1758,0
DA:1761,0
DA:1762,0
DA:1764,0
DA:1765,0
DA:1767,0
DA:1768,0
DA:1769,0
DA:1770,0
DA:1771,0
DA:1772,0
DA:1775,0
DA:1776,0
DA:1779,0
DA:1780,0
DA:1781,0
DA:1785,0
DA:1786,0
DA:1788,0
DA:1789,0
DA:1791,0
DA:1792,0
DA:1793,0
DA:1794,0
DA:1795,0
DA:1796,0
DA:1797,0
DA:1798,0
DA:1799,0
DA:1802,0
DA:1803,0
DA:1806,0
DA:1807,0
DA:1808,0
DA:1812,0
DA:1813,0
DA:1815,0
DA:1816,0
DA:1818,0
DA:1819,0
DA:1820,0
DA:1821,0
DA:1822,0
DA:1823,0
DA:1826,0
DA:1827,0
DA:1829,0
DA:1832,0
DA:1833,0
DA:1835,0
DA:1836,0
DA:1838,0
DA:1839,0
DA:1840,0
DA:1841,0
DA:1842,0
DA:1843,0
DA:1846,0
DA:1847,0
DA:1849,0
DA:1852,0
DA:1853,0
DA:1855,0
DA:1856,0
DA:1858,0
DA:1859,0
DA:1860,0
DA:1861,0
DA:1862,0
DA:1863,0
DA:1866,0
DA:1867,0
DA:1869,0
DA:1872,0
DA:1873,0
DA:1875,0
DA:1876,0
DA:1879,0
DA:1880,0
DA:1881,0
DA:1882,0
DA:1886,0
DA:1887,0
DA:1890,0
DA:1891,0
DA:1892,0
DA:1893,0
DA:1897,0
DA:1898,0
DA:1900,0
DA:1901,0
DA:1903,0
DA:1904,0
DA:1905,0
DA:1907,0
DA:1908,0
DA:1909,0
DA:1912,0
DA:1913,0
DA:1915,0
DA:1921,0
DA:1922,0
DA:1924,0
DA:1926,0
DA:1927,0
DA:1928,0
DA:1931,0
DA:1933,0
DA:1935,0
DA:1938,0
DA:1945,0
DA:1950,0
DA:1951,0
DA:1954,0
DA:1956,0
DA:1957,0
DA:1958,0
DA:1962,0
DA:1963,0
DA:1965,0
DA:1966,0
DA:1967,0
DA:1968,0
DA:1972,0
DA:1978,0
DA:1979,0
DA:1990,0
DA:1991,0
DA:1992,0
DA:1993,0
DA:1997,0
DA:1999,0
DA:2000,0
DA:2006,0
DA:2007,0
DA:2009,0
DA:2012,0
DA:2013,0
DA:2017,0
DA:2018,0
DA:2022,0
DA:2023,0
DA:2025,0
DA:2029,0
DA:2030,0
DA:2034,0
DA:2035,0
DA:2039,0
DA:2040,0
DA:2044,0
DA:2045,0
DA:2047,0
DA:2051,0
DA:2052,0
DA:2053,0
DA:2054,0
DA:2058,0
DA:2059,0
DA:2060,0
DA:2061,0
DA:2063,0
DA:2067,0
DA:2068,0
DA:2071,0
DA:2072,0
DA:2076,0
DA:2077,0
DA:2079,0
DA:2083,0
DA:2084,0
DA:2085,0
DA:2086,0
DA:2090,0
DA:2091,0
DA:2095,0
DA:2096,0
DA:2098,0
DA:2103,0
LF:794
LH:0
BRDA:21,0,0,0
BRDA:21,0,1,0
BRDA:116,1,0,0
BRDA:121,2,0,0
BRDA:121,2,1,0
BRDA:121,3,0,0
BRDA:121,3,1,0
BRDA:124,4,0,0
BRDA:124,4,1,0
BRDA:125,5,0,0
BRDA:125,5,1,0
BRDA:127,6,0,0
BRDA:127,6,1,0
BRDA:135,7,0,0
BRDA:135,7,1,0
BRDA:166,8,0,0
BRDA:166,8,1,0
BRDA:170,9,0,0
BRDA:170,9,1,0
BRDA:196,10,0,0
BRDA:196,10,1,0
BRDA:211,11,0,0
BRDA:211,11,1,0
BRDA:217,12,0,0
BRDA:217,12,1,0
BRDA:225,13,0,0
BRDA:225,13,1,0
BRDA:225,13,2,0
BRDA:225,13,3,0
BRDA:235,14,0,0
BRDA:235,14,1,0
BRDA:239,15,0,0
BRDA:239,15,1,0
BRDA:251,16,0,0
BRDA:251,16,1,0
BRDA:255,17,0,0
BRDA:255,17,1,0
BRDA:255,18,0,0
BRDA:255,18,1,0
BRDA:267,19,0,0
BRDA:267,19,1,0
BRDA:277,20,0,0
BRDA:277,20,1,0
BRDA:283,21,0,0
BRDA:283,21,1,0
BRDA:287,22,0,0
BRDA:287,22,1,0
BRDA:306,23,0,0
BRDA:306,23,1,0
BRDA:306,23,2,0
BRDA:309,24,0,0
BRDA:309,24,1,0
BRDA:316,25,0,0
BRDA:316,25,1,0
BRDA:325,26,0,0
BRDA:325,26,1,0
BRDA:333,27,0,0
BRDA:333,27,1,0
BRDA:335,28,0,0
BRDA:335,28,1,0
BRDA:344,29,0,0
BRDA:344,29,1,0
BRDA:344,30,0,0
BRDA:344,30,1,0
BRDA:358,31,0,0
BRDA:358,31,1,0
BRDA:358,32,0,0
BRDA:358,32,1,0
BRDA:364,33,0,0
BRDA:364,33,1,0
BRDA:364,34,0,0
BRDA:364,34,1,0
BRDA:386,35,0,0
BRDA:386,35,1,0
BRDA:390,36,0,0
BRDA:390,36,1,0
BRDA:407,37,0,0
BRDA:407,37,1,0
BRDA:422,38,0,0
BRDA:422,38,1,0
BRDA:425,39,0,0
BRDA:425,39,1,0
BRDA:428,40,0,0
BRDA:428,40,1,0
BRDA:433,41,0,0
BRDA:433,41,1,0
BRDA:442,42,0,0
BRDA:442,42,1,0
BRDA:467,43,0,0
BRDA:467,43,1,0
BRDA:479,44,0,0
BRDA:479,44,1,0
BRDA:479,45,0,0
BRDA:479,45,1,0
BRDA:493,46,0,0
BRDA:493,46,1,0
BRDA:533,47,0,0
BRDA:533,47,1,0
BRDA:636,48,0,0
BRDA:636,48,1,0
BRDA:659,49,0,0
BRDA:659,49,1,0
BRDA:672,50,0,0
BRDA:672,50,1,0
BRDA:689,51,0,0
BRDA:689,51,1,0
BRDA:695,52,0,0
BRDA:695,52,1,0
BRDA:701,53,0,0
BRDA:701,53,1,0
BRDA:701,54,0,0
BRDA:701,54,1,0
BRDA:726,55,0,0
BRDA:726,55,1,0
BRDA:732,56,0,0
BRDA:732,56,1,0
BRDA:740,57,0,0
BRDA:740,57,1,0
BRDA:750,58,0,0
BRDA:750,58,1,0
BRDA:750,59,0,0
BRDA:750,59,1,0
BRDA:780,60,0,0
BRDA:780,60,1,0
BRDA:787,61,0,0
BRDA:787,61,1,0
BRDA:787,62,0,0
BRDA:787,62,1,0
BRDA:831,63,0,0
BRDA:831,63,1,0
BRDA:840,64,0,0
BRDA:840,64,1,0
BRDA:840,64,2,0
BRDA:860,65,0,0
BRDA:860,65,1,0
BRDA:862,66,0,0
BRDA:862,66,1,0
BRDA:869,67,0,0
BRDA:869,67,1,0
BRDA:883,68,0,0
BRDA:883,68,1,0
BRDA:916,69,0,0
BRDA:916,69,1,0
BRDA:947,70,0,0
BRDA:947,70,1,0
BRDA:1008,71,0,0
BRDA:1008,71,1,0
BRDA:1023,72,0,0
BRDA:1023,72,1,0
BRDA:1029,73,0,0
BRDA:1029,73,1,0
BRDA:1032,74,0,0
BRDA:1032,74,1,0
BRDA:1035,75,0,0
BRDA:1035,75,1,0
BRDA:1061,76,0,0
BRDA:1061,76,1,0
BRDA:1071,77,0,0
BRDA:1071,77,1,0
BRDA:1072,78,0,0
BRDA:1072,78,1,0
BRDA:1108,79,0,0
BRDA:1108,79,1,0
BRDA:1119,80,0,0
BRDA:1119,80,1,0
BRDA:1120,81,0,0
BRDA:1120,81,1,0
BRDA:1130,82,0,0
BRDA:1130,82,1,0
BRDA:1130,82,2,0
BRDA:1130,82,3,0
BRDA:1149,83,0,0
BRDA:1149,83,1,0
BRDA:1177,84,0,0
BRDA:1177,84,1,0
BRDA:1192,85,0,0
BRDA:1192,85,1,0
BRDA:1209,86,0,0
BRDA:1209,86,1,0
BRDA:1235,87,0,0
BRDA:1235,87,1,0
BRDA:1236,88,0,0
BRDA:1236,88,1,0
BRDA:1244,89,0,0
BRDA:1244,89,1,0
BRDA:1252,90,0,0
BRDA:1252,90,1,0
BRDA:1253,91,0,0
BRDA:1253,91,1,0
BRDA:1254,92,0,0
BRDA:1254,92,1,0
BRDA:1258,93,0,0
BRDA:1258,93,1,0
BRDA:1280,94,0,0
BRDA:1280,94,1,0
BRDA:1312,95,0,0
BRDA:1312,95,1,0
BRDA:1312,95,2,0
BRDA:1314,96,0,0
BRDA:1314,96,1,0
BRDA:1321,97,0,0
BRDA:1321,97,1,0
BRDA:1328,98,0,0
BRDA:1328,98,1,0
BRDA:1335,99,0,0
BRDA:1335,99,1,0
BRDA:1340,100,0,0
BRDA:1340,100,1,0
BRDA:1347,101,0,0
BRDA:1347,101,1,0
BRDA:1354,102,0,0
BRDA:1354,102,1,0
BRDA:1359,103,0,0
BRDA:1359,103,1,0
BRDA:1364,104,0,0
BRDA:1364,104,1,0
BRDA:1369,105,0,0
BRDA:1369,105,1,0
BRDA:1400,106,0,0
BRDA:1400,106,1,0
BRDA:1414,107,0,0
BRDA:1414,107,1,0
BRDA:1441,108,0,0
BRDA:1441,108,1,0
BRDA:1441,109,0,0
BRDA:1441,109,1,0
BRDA:1443,110,0,0
BRDA:1443,110,1,0
BRDA:1517,111,0,0
BRDA:1517,111,1,0
BRDA:1521,112,0,0
BRDA:1521,112,1,0
BRDA:1547,113,0,0
BRDA:1547,113,1,0
BRDA:1551,114,0,0
BRDA:1551,114,1,0
BRDA:1579,115,0,0
BRDA:1579,115,1,0
BRDA:1590,116,0,0
BRDA:1590,116,1,0
BRDA:1625,117,0,0
BRDA:1625,117,1,0
BRDA:1629,118,0,0
BRDA:1629,118,1,0
BRDA:1655,119,0,0
BRDA:1655,119,1,0
BRDA:1659,120,0,0
BRDA:1659,120,1,0
BRDA:1687,121,0,0
BRDA:1687,121,1,0
BRDA:1695,122,0,0
BRDA:1695,122,1,0
BRDA:1695,122,2,0
BRDA:1695,122,3,0
BRDA:1695,122,4,0
BRDA:1695,122,5,0
BRDA:1695,122,6,0
BRDA:1695,122,7,0
BRDA:1695,122,8,0
BRDA:1721,123,0,0
BRDA:1721,123,1,0
BRDA:1723,124,0,0
BRDA:1723,124,1,0
BRDA:1737,125,0,0
BRDA:1737,125,1,0
BRDA:1755,126,0,0
BRDA:1755,126,1,0
BRDA:1767,127,0,0
BRDA:1767,127,1,0
BRDA:1770,128,0,0
BRDA:1770,128,1,0
BRDA:1776,129,0,0
BRDA:1776,129,1,0
BRDA:1791,130,0,0
BRDA:1791,130,1,0
BRDA:1794,131,0,0
BRDA:1794,131,1,0
BRDA:1797,132,0,0
BRDA:1797,132,1,0
BRDA:1803,133,0,0
BRDA:1803,133,1,0
BRDA:1818,134,0,0
BRDA:1818,134,1,0
BRDA:1821,135,0,0
BRDA:1821,135,1,0
BRDA:1827,136,0,0
BRDA:1827,136,1,0
BRDA:1838,137,0,0
BRDA:1838,137,1,0
BRDA:1841,138,0,0
BRDA:1841,138,1,0
BRDA:1847,139,0,0
BRDA:1847,139,1,0
BRDA:1858,140,0,0
BRDA:1858,140,1,0
BRDA:1861,141,0,0
BRDA:1861,141,1,0
BRDA:1867,142,0,0
BRDA:1867,142,1,0
BRDA:1873,143,0,0
BRDA:1879,144,0,0
BRDA:1879,144,1,0
BRDA:1887,145,0,0
BRDA:1887,145,1,0
BRDA:1903,146,0,0
BRDA:1903,146,1,0
BRDA:1907,147,0,0
BRDA:1907,147,1,0
BRDA:1913,148,0,0
BRDA:1913,148,1,0
BRDA:1933,149,0,0
BRDA:1933,149,1,0
BRDA:1933,150,0,0
BRDA:1933,150,1,0
BRDA:1965,151,0,0
BRDA:1965,151,1,0
BRDA:1967,152,0,0
BRDA:1967,152,1,0
BRDA:2009,153,0,0
BRDA:2009,153,1,0
BRDA:2009,153,2,0
BRDA:2009,153,3,0
BRDA:2009,153,4,0
BRDA:2012,154,0,0
BRDA:2012,154,1,0
BRDA:2012,155,0,0
BRDA:2012,155,1,0
BRDA:2017,156,0,0
BRDA:2017,156,1,0
BRDA:2017,157,0,0
BRDA:2017,157,1,0
BRDA:2022,158,0,0
BRDA:2022,158,1,0
BRDA:2022,159,0,0
BRDA:2022,159,1,0
BRDA:2029,160,0,0
BRDA:2029,160,1,0
BRDA:2029,161,0,0
BRDA:2029,161,1,0
BRDA:2034,162,0,0
BRDA:2034,162,1,0
BRDA:2034,163,0,0
BRDA:2034,163,1,0
BRDA:2039,164,0,0
BRDA:2039,164,1,0
BRDA:2039,165,0,0
BRDA:2039,165,1,0
BRDA:2044,166,0,0
BRDA:2044,166,1,0
BRDA:2044,167,0,0
BRDA:2044,167,1,0
BRDA:2051,168,0,0
BRDA:2051,168,1,0
BRDA:2053,169,0,0
BRDA:2053,169,1,0
BRDA:2058,170,0,0
BRDA:2058,170,1,0
BRDA:2060,171,0,0
BRDA:2060,171,1,0
BRDA:2067,172,0,0
BRDA:2067,172,1,0
BRDA:2067,173,0,0
BRDA:2067,173,1,0
BRDA:2071,174,0,0
BRDA:2071,174,1,0
BRDA:2071,175,0,0
BRDA:2071,175,1,0
BRDA:2076,176,0,0
BRDA:2076,176,1,0
BRDA:2076,177,0,0
BRDA:2076,177,1,0
BRDA:2083,178,0,0
BRDA:2083,178,1,0
BRDA:2085,179,0,0
BRDA:2085,179,1,0
BRDA:2090,180,0,0
BRDA:2090,180,1,0
BRDA:2090,181,0,0
BRDA:2090,181,1,0
BRDA:2095,182,0,0
BRDA:2095,182,1,0
BRDA:2095,183,0,0
BRDA:2095,183,1,0
BRF:383
BRH:0
end_of_record
TN:
SF:types/api.ts
FNF:0
FNH:0
LF:0
LH:0
BRF:0
BRH:0
end_of_record
TN:
SF:types/database.ts
FNF:0
FNH:0
LF:0
LH:0
BRF:0
BRH:0
end_of_record
TN:
SF:types/delivery.ts
FNF:0
FNH:0
LF:0
LH:0
BRF:0
BRH:0
end_of_record
TN:
SF:types/facility.ts
FNF:0
FNH:0
LF:0
LH:0
BRF:0
BRH:0
end_of_record
TN:
SF:types/location.ts
FNF:0
FNH:0
LF:0
LH:0
BRF:0
BRH:0
end_of_record
TN:
SF:types/pickup.ts
FNF:0
FNH:0
LF:0
LH:0
BRF:0
BRH:0
end_of_record
TN:
SF:types/pod.ts
FNF:0
FNH:0
LF:0
LH:0
BRF:0
BRH:0
end_of_record
TN:
SF:types/user.ts
FNF:0
FNH:0
LF:0
LH:0
BRF:0
BRH:0
end_of_record
TN:
SF:utils/formatting.ts
FNF:0
FNH:0
LF:0
LH:0
BRF:0
BRH:0
end_of_record
TN:
SF:utils/geofence.ts
FNF:0
FNH:0
LF:0
LH:0
BRF:0
BRH:0
end_of_record
TN:
SF:utils/logger.ts
FNF:0
FNH:0
LF:0
LH:0
BRF:0
BRH:0
end_of_record
TN:
SF:utils/permissions.ts
FNF:0
FNH:0
LF:0
LH:0
BRF:0
BRH:0
end_of_record
TN:
SF:utils/validation.ts
FNF:0
FNH:0
LF:0
LH:0
BRF:0
BRH:0
end_of_record
